[   496.234] (--) Log file renamed from "/home/user/.local/share/xorg/Xorg.pid-2290.log" to "/home/user/.local/share/xorg/Xorg.0.log"
[   496.234] 
X.Org X Server 1.20.8
X Protocol Version 11, Revision 0
[   496.234] Build Operating System: Linux 4.4.0-184-generic x86_64 Ubuntu
[   496.234] Current Operating System: Linux user-Latitude-E7470 5.4.0-42-generic #46~18.04.1-Ubuntu SMP Fri Jul 10 07:21:24 UTC 2020 x86_64
[   496.234] Kernel command line: BOOT_IMAGE=/boot/vmlinuz-5.4.0-42-generic root=UUID=29b8ecd6-db66-46ef-8cec-a392d0bdb289 ro quiet splash vt.handoff=1
[   496.234] Build Date: 03 July 2020  07:00:25AM
[   496.234] xorg-server-hwe-18.04 2:1.20.8-2ubuntu2.2~18.04.1 (For technical support please see http://www.ubuntu.com/support) 
[   496.234] Current version of pixman: 0.34.0
[   496.234] 	Before reporting problems, check http://wiki.x.org
	to make sure that you have the latest version.
[   496.234] Markers: (--) probed, (**) from config file, (==) default setting,
	(++) from command line, (!!) notice, (II) informational,
	(WW) warning, (EE) error, (NI) not implemented, (??) unknown.
[   496.234] (==) Log file: "/home/user/.local/share/xorg/Xorg.0.log", Time: Thu Jun 17 09:38:07 2021
[   496.235] (==) Using system config directory "/usr/share/X11/xorg.conf.d"
[   496.235] (==) No Layout section.  Using the first Screen section.
[   496.235] (==) No screen section available. Using defaults.
[   496.235] (**) |-->Screen "Default Screen Section" (0)
[   496.235] (**) |   |-->Monitor "<default monitor>"
[   496.235] (==) No monitor specified for screen "Default Screen Section".
	Using a default monitor configuration.
[   496.235] (==) Automatically adding devices
[   496.235] (==) Automatically enabling devices
[   496.235] (==) Automatically adding GPU devices
[   496.235] (==) Automatically binding GPU devices
[   496.235] (==) Max clients allowed: 256, resource mask: 0x1fffff
[   496.235] (WW) The directory "/usr/share/fonts/X11/cyrillic" does not exist.
[   496.235] 	Entry deleted from font path.
[   496.235] (WW) The directory "/usr/share/fonts/X11/100dpi/" does not exist.
[   496.235] 	Entry deleted from font path.
[   496.235] (WW) The directory "/usr/share/fonts/X11/75dpi/" does not exist.
[   496.235] 	Entry deleted from font path.
[   496.235] (WW) The directory "/usr/share/fonts/X11/100dpi" does not exist.
[   496.235] 	Entry deleted from font path.
[   496.235] (WW) The directory "/usr/share/fonts/X11/75dpi" does not exist.
[   496.235] 	Entry deleted from font path.
[   496.235] (==) FontPath set to:
	/usr/share/fonts/X11/misc,
	/usr/share/fonts/X11/Type1,
	built-ins
[   496.235] (==) ModulePath set to "/usr/lib/xorg/modules"
[   496.235] (II) The server relies on udev to provide the list of input devices.
	If no devices become available, reconfigure udev or disable AutoAddDevices.
[   496.235] (II) Loader magic: 0x564317c9f020
[   496.235] (II) Module ABI versions:
[   496.235] 	X.Org ANSI C Emulation: 0.4
[   496.235] 	X.Org Video Driver: 24.1
[   496.235] 	X.Org XInput driver : 24.1
[   496.235] 	X.Org Server Extension : 10.0
[   496.236] (++) using VT number 2

[   496.240] (II) systemd-logind: took control of session /org/freedesktop/login1/session/_32
[   496.241] (II) xfree86: Adding drm device (/dev/dri/card0)
[   496.241] (II) systemd-logind: got fd for /dev/dri/card0 226:0 fd 12 paused 0
[   496.244] (--) PCI:*(0@0:2:0) 8086:1916:1028:06dc rev 7, Mem @ 0xe0000000/16777216, 0xd0000000/268435456, I/O @ 0x0000f000/64, BIOS @ 0x????????/131072
[   496.244] (II) LoadModule: "glx"
[   496.244] (II) Loading /usr/lib/xorg/modules/extensions/libglx.so
[   496.247] (II) Module glx: vendor="X.Org Foundation"
[   496.247] 	compiled for 1.20.8, module version = 1.0.0
[   496.247] 	ABI class: X.Org Server Extension, version 10.0
[   496.247] (==) Matched modesetting as autoconfigured driver 0
[   496.247] (==) Matched fbdev as autoconfigured driver 1
[   496.247] (==) Matched vesa as autoconfigured driver 2
[   496.247] (==) Assigned the driver to the xf86ConfigLayout
[   496.247] (II) LoadModule: "modesetting"
[   496.247] (II) Loading /usr/lib/xorg/modules/drivers/modesetting_drv.so
[   496.249] (II) Module modesetting: vendor="X.Org Foundation"
[   496.249] 	compiled for 1.20.8, module version = 1.20.8
[   496.249] 	Module class: X.Org Video Driver
[   496.249] 	ABI class: X.Org Video Driver, version 24.1
[   496.249] (II) LoadModule: "fbdev"
[   496.249] (II) Loading /usr/lib/xorg/modules/drivers/fbdev_drv.so
[   496.250] (II) Module fbdev: vendor="X.Org Foundation"
[   496.250] 	compiled for 1.20.1, module version = 0.5.0
[   496.250] 	Module class: X.Org Video Driver
[   496.250] 	ABI class: X.Org Video Driver, version 24.0
[   496.250] (II) LoadModule: "vesa"
[   496.250] (II) Loading /usr/lib/xorg/modules/drivers/vesa_drv.so
[   496.251] (II) Module vesa: vendor="X.Org Foundation"
[   496.251] 	compiled for 1.20.1, module version = 2.4.0
[   496.251] 	Module class: X.Org Video Driver
[   496.251] 	ABI class: X.Org Video Driver, version 24.0
[   496.251] (II) modesetting: Driver for Modesetting Kernel Drivers: kms
[   496.251] (II) FBDEV: driver for framebuffer: fbdev
[   496.251] (II) VESA: driver for VESA chipsets: vesa
[   496.251] xf86EnableIOPorts: failed to set IOPL for I/O (Operation not permitted)
[   496.251] (II) modeset(0): using drv /dev/dri/card0
[   496.251] (WW) Falling back to old probe method for fbdev
[   496.251] (II) Loading sub module "fbdevhw"
[   496.251] (II) LoadModule: "fbdevhw"
[   496.251] (II) Loading /usr/lib/xorg/modules/libfbdevhw.so
[   496.252] (II) Module fbdevhw: vendor="X.Org Foundation"
[   496.252] 	compiled for 1.20.8, module version = 0.0.2
[   496.252] 	ABI class: X.Org Video Driver, version 24.1
[   496.252] (EE) open /dev/fb0: Permission denied
[   496.252] (WW) VGA arbiter: cannot open kernel arbiter, no multi-card support
[   496.252] (II) modeset(0): Creating default Display subsection in Screen section
	"Default Screen Section" for depth/fbbpp 24/32
[   496.252] (==) modeset(0): Depth 24, (==) framebuffer bpp 32
[   496.252] (==) modeset(0): RGB weight 888
[   496.252] (==) modeset(0): Default visual is TrueColor
[   496.252] (II) Loading sub module "glamoregl"
[   496.252] (II) LoadModule: "glamoregl"
[   496.252] (II) Loading /usr/lib/xorg/modules/libglamoregl.so
[   496.257] (II) Module glamoregl: vendor="X.Org Foundation"
[   496.257] 	compiled for 1.20.8, module version = 1.0.1
[   496.257] 	ABI class: X.Org ANSI C Emulation, version 0.4
[   496.271] (II) modeset(0): glamor X acceleration enabled on Mesa DRI Intel(R) HD Graphics 520 (SKL GT2)
[   496.271] (II) modeset(0): glamor initialized
[   496.272] (II) modeset(0): Output eDP-1 has no monitor section
[   496.277] (II) modeset(0): Output HDMI-1 has no monitor section
[   496.277] (II) modeset(0): Output DP-1 has no monitor section
[   496.282] (II) modeset(0): Output HDMI-2 has no monitor section
[   496.284] (II) modeset(0): EDID for output eDP-1
[   496.284] (II) modeset(0): Manufacturer: LGD  Model: 490  Serial#: 0
[   496.284] (II) modeset(0): Year: 2014  Week: 0
[   496.284] (II) modeset(0): EDID Version: 1.4
[   496.284] (II) modeset(0): Digital Display Input
[   496.284] (II) modeset(0): 6 bits per channel
[   496.284] (II) modeset(0): Digital interface is DisplayPort
[   496.284] (II) modeset(0): Max Image Size [cm]: horiz.: 31  vert.: 17
[   496.284] (II) modeset(0): Gamma: 2.20
[   496.284] (II) modeset(0): DPMS capabilities: StandBy Suspend Off
[   496.284] (II) modeset(0): Supported color encodings: RGB 4:4:4 YCrCb 4:4:4 
[   496.284] (II) modeset(0): First detailed timing is preferred mode
[   496.284] (II) modeset(0): Preferred mode is native pixel format and refresh rate
[   496.284] (II) modeset(0): redX: 0.640 redY: 0.345   greenX: 0.335 greenY: 0.625
[   496.284] (II) modeset(0): blueX: 0.150 blueY: 0.052   whiteX: 0.313 whiteY: 0.329
[   496.284] (II) modeset(0): Manufacturer's mask: 0
[   496.284] (II) modeset(0): Supported detailed timing:
[   496.284] (II) modeset(0): clock: 138.7 MHz   Image Size:  309 x 174 mm
[   496.284] (II) modeset(0): h_active: 1920  h_sync: 1968  h_sync_end 2000 h_blank_end 2080 h_border: 0
[   496.284] (II) modeset(0): v_active: 1080  v_sync: 1083  v_sync_end 1088 v_blanking: 1111 v_border: 0
[   496.284] (II) modeset(0): Supported detailed timing:
[   496.284] (II) modeset(0): clock: 110.9 MHz   Image Size:  309 x 174 mm
[   496.284] (II) modeset(0): h_active: 1920  h_sync: 1968  h_sync_end 2000 h_blank_end 2080 h_border: 0
[   496.284] (II) modeset(0): v_active: 1080  v_sync: 1083  v_sync_end 1088 v_blanking: 1111 v_border: 0
[   496.284] (II) modeset(0):  53X2G€140WF3
[   496.284] (II) modeset(0): Unknown vendor-specific block 0
[   496.284] (II) modeset(0): EDID (in hex):
[   496.284] (II) modeset(0): 	00ffffffffffff0030e4900400000000
[   496.284] (II) modeset(0): 	00180104951f1178eadc95a35855a026
[   496.284] (II) modeset(0): 	0d505400000001010101010101010101
[   496.284] (II) modeset(0): 	0101010101012e3680a070381f403020
[   496.284] (II) modeset(0): 	350035ae1000001a522b80a070381f40
[   496.284] (II) modeset(0): 	3020350035ae1000001a000000fe0035
[   496.284] (II) modeset(0): 	33583247803134305746330a00000000
[   496.284] (II) modeset(0): 	000041319e001000000a010a202000e4
[   496.284] (II) modeset(0): Printing probed modes for output eDP-1
[   496.284] (II) modeset(0): Modeline "1920x1080"x60.0  138.70  1920 1968 2000 2080  1080 1083 1088 1111 +hsync -vsync (66.7 kHz eP)
[   496.284] (II) modeset(0): Modeline "1920x1080"x120.0  356.38  1920 2080 2288 2656  1080 1081 1084 1118 doublescan -hsync +vsync (134.2 kHz d)
[   496.284] (II) modeset(0): Modeline "1920x1080"x119.9  266.50  1920 1944 1960 2000  1080 1081 1084 1111 doublescan +hsync -vsync (133.2 kHz d)
[   496.284] (II) modeset(0): Modeline "1920x1080"x60.0  173.00  1920 2048 2248 2576  1080 1083 1088 1120 -hsync +vsync (67.2 kHz d)
[   496.284] (II) modeset(0): Modeline "1920x1080"x59.9  138.50  1920 1968 2000 2080  1080 1083 1088 1111 +hsync -vsync (66.6 kHz d)
[   496.284] (II) modeset(0): Modeline "1920x1080"x48.0  110.90  1920 1968 2000 2080  1080 1083 1088 1111 +hsync -vsync (53.3 kHz e)
[   496.284] (II) modeset(0): Modeline "1680x1050"x60.0  146.25  1680 1784 1960 2240  1050 1053 1059 1089 -hsync +vsync (65.3 kHz d)
[   496.284] (II) modeset(0): Modeline "1680x1050"x59.9  119.00  1680 1728 1760 1840  1050 1053 1059 1080 +hsync -vsync (64.7 kHz d)
[   496.284] (II) modeset(0): Modeline "1600x1024"x60.2  103.12  1600 1600 1656 1664  1024 1024 1029 1030 +hsync +vsync (62.0 kHz d)
[   496.284] (II) modeset(0): Modeline "1400x1050"x60.0  122.00  1400 1488 1640 1880  1050 1052 1064 1082 +hsync +vsync (64.9 kHz d)
[   496.284] (II) modeset(0): Modeline "1600x900"x120.0  246.00  1600 1728 1900 2200  900 901 904 932 doublescan -hsync +vsync (111.8 kHz d)
[   496.284] (II) modeset(0): Modeline "1600x900"x119.9  186.50  1600 1624 1640 1680  900 901 904 926 doublescan +hsync -vsync (111.0 kHz d)
[   496.284] (II) modeset(0): Modeline "1600x900"x59.9  118.25  1600 1696 1856 2112  900 903 908 934 -hsync +vsync (56.0 kHz d)
[   496.284] (II) modeset(0): Modeline "1600x900"x59.8   97.50  1600 1648 1680 1760  900 903 908 926 +hsync -vsync (55.4 kHz d)
[   496.284] (II) modeset(0): Modeline "1280x1024"x60.0  108.00  1280 1328 1440 1688  1024 1025 1028 1066 +hsync +vsync (64.0 kHz d)
[   496.284] (II) modeset(0): Modeline "1440x900"x59.9  106.50  1440 1520 1672 1904  900 903 909 934 -hsync +vsync (55.9 kHz d)
[   496.284] (II) modeset(0): Modeline "1400x900"x60.0  103.50  1400 1480 1624 1848  900 903 913 934 -hsync +vsync (56.0 kHz d)
[   496.284] (II) modeset(0): Modeline "1400x900"x59.9   86.50  1400 1448 1480 1560  900 903 913 926 +hsync -vsync (55.4 kHz d)
[   496.284] (II) modeset(0): Modeline "1280x960"x60.0  108.00  1280 1376 1488 1800  960 961 964 1000 +hsync +vsync (60.0 kHz d)
[   496.284] (II) modeset(0): Modeline "1440x810"x120.0  198.12  1440 1548 1704 1968  810 811 814 839 doublescan -hsync +vsync (100.7 kHz d)
[   496.284] (II) modeset(0): Modeline "1440x810"x119.9  151.88  1440 1464 1480 1520  810 811 814 833 doublescan +hsync -vsync (99.9 kHz d)
[   496.284] (II) modeset(0): Modeline "1368x768"x59.9   85.25  1368 1440 1576 1784  768 771 781 798 -hsync +vsync (47.8 kHz d)
[   496.284] (II) modeset(0): Modeline "1368x768"x59.9   72.25  1368 1416 1448 1528  768 771 781 790 +hsync -vsync (47.3 kHz d)
[   496.284] (II) modeset(0): Modeline "1360x768"x59.8   84.75  1360 1432 1568 1776  768 771 781 798 -hsync +vsync (47.7 kHz d)
[   496.284] (II) modeset(0): Modeline "1360x768"x60.0   72.00  1360 1408 1440 1520  768 771 781 790 +hsync -vsync (47.4 kHz d)
[   496.284] (II) modeset(0): Modeline "1280x800"x120.0  174.25  1280 1380 1516 1752  800 801 804 829 doublescan -hsync +vsync (99.5 kHz d)
[   496.285] (II) modeset(0): Modeline "1280x800"x119.9  134.25  1280 1304 1320 1360  800 801 804 823 doublescan +hsync -vsync (98.7 kHz d)
[   496.285] (II) modeset(0): Modeline "1280x800"x59.8   83.50  1280 1352 1480 1680  800 803 809 831 -hsync +vsync (49.7 kHz d)
[   496.285] (II) modeset(0): Modeline "1280x800"x59.9   71.00  1280 1328 1360 1440  800 803 809 823 +hsync -vsync (49.3 kHz d)
[   496.285] (II) modeset(0): Modeline "1152x864"x60.0   81.62  1152 1216 1336 1520  864 865 868 895 -hsync +vsync (53.7 kHz d)
[   496.285] (II) modeset(0): Modeline "1280x720"x120.0  156.12  1280 1376 1512 1744  720 721 724 746 doublescan -hsync +vsync (89.5 kHz d)
[   496.285] (II) modeset(0): Modeline "1280x720"x120.0  120.75  1280 1304 1320 1360  720 721 724 740 doublescan +hsync -vsync (88.8 kHz d)
[   496.285] (II) modeset(0): Modeline "1280x720"x59.9   74.50  1280 1344 1472 1664  720 723 728 748 -hsync +vsync (44.8 kHz d)
[   496.285] (II) modeset(0): Modeline "1280x720"x59.7   63.75  1280 1328 1360 1440  720 723 728 741 +hsync -vsync (44.3 kHz d)
[   496.285] (II) modeset(0): Modeline "1024x768"x120.1  133.47  1024 1100 1212 1400  768 768 770 794 doublescan -hsync +vsync (95.3 kHz d)
[   496.285] (II) modeset(0): Modeline "1024x768"x60.0   65.00  1024 1048 1184 1344  768 771 777 806 -hsync -vsync (48.4 kHz d)
[   496.285] (II) modeset(0): Modeline "960x720"x120.0  117.00  960 1024 1128 1300  720 720 722 750 doublescan -hsync +vsync (90.0 kHz d)
[   496.285] (II) modeset(0): Modeline "928x696"x120.1  109.15  928 976 1088 1264  696 696 698 719 doublescan -hsync +vsync (86.4 kHz d)
[   496.285] (II) modeset(0): Modeline "896x672"x120.0  102.40  896 960 1060 1224  672 672 674 697 doublescan -hsync +vsync (83.7 kHz d)
[   496.285] (II) modeset(0): Modeline "1024x576"x119.9   98.50  1024 1092 1200 1376  576 577 580 597 doublescan -hsync +vsync (71.6 kHz d)
[   496.285] (II) modeset(0): Modeline "1024x576"x119.9   78.38  1024 1048 1064 1104  576 577 580 592 doublescan +hsync -vsync (71.0 kHz d)
[   496.285] (II) modeset(0): Modeline "1024x576"x59.9   46.50  1024 1064 1160 1296  576 579 584 599 -hsync +vsync (35.9 kHz d)
[   496.285] (II) modeset(0): Modeline "1024x576"x59.8   42.00  1024 1072 1104 1184  576 579 584 593 +hsync -vsync (35.5 kHz d)
[   496.285] (II) modeset(0): Modeline "960x600"x119.9   96.62  960 1028 1128 1296  600 601 604 622 doublescan -hsync +vsync (74.6 kHz d)
[   496.285] (II) modeset(0): Modeline "960x600"x120.0   77.00  960 984 1000 1040  600 601 604 617 doublescan +hsync -vsync (74.0 kHz d)
[   496.285] (II) modeset(0): Modeline "960x540"x119.9   86.50  960 1024 1124 1288  540 541 544 560 doublescan -hsync +vsync (67.2 kHz d)
[   496.285] (II) modeset(0): Modeline "960x540"x120.0   69.25  960 984 1000 1040  540 541 544 555 doublescan +hsync -vsync (66.6 kHz d)
[   496.285] (II) modeset(0): Modeline "960x540"x59.6   40.75  960 992 1088 1216  540 543 548 562 -hsync +vsync (33.5 kHz d)
[   496.285] (II) modeset(0): Modeline "960x540"x59.8   37.25  960 1008 1040 1120  540 543 548 556 +hsync -vsync (33.3 kHz d)
[   496.285] (II) modeset(0): Modeline "800x600"x120.0   81.00  800 832 928 1080  600 600 602 625 doublescan +hsync +vsync (75.0 kHz d)
[   496.285] (II) modeset(0): Modeline "800x600"x60.3   40.00  800 840 968 1056  600 601 605 628 +hsync +vsync (37.9 kHz d)
[   496.285] (II) modeset(0): Modeline "800x600"x56.2   36.00  800 824 896 1024  600 601 603 625 +hsync +vsync (35.2 kHz d)
[   496.285] (II) modeset(0): Modeline "840x525"x120.0   73.12  840 892 980 1120  525 526 529 544 doublescan -hsync +vsync (65.3 kHz d)
[   496.285] (II) modeset(0): Modeline "840x525"x119.8   59.50  840 864 880 920  525 526 529 540 doublescan +hsync -vsync (64.7 kHz d)
[   496.285] (II) modeset(0): Modeline "864x486"x59.9   32.50  864 888 968 1072  486 489 494 506 -hsync +vsync (30.3 kHz d)
[   496.285] (II) modeset(0): Modeline "864x486"x59.6   30.50  864 912 944 1024  486 489 494 500 +hsync -vsync (29.8 kHz d)
[   496.285] (II) modeset(0): Modeline "800x512"x120.3   51.56  800 800 828 832  512 512 514 515 doublescan +hsync +vsync (62.0 kHz d)
[   496.285] (II) modeset(0): Modeline "700x525"x120.0   61.00  700 744 820 940  525 526 532 541 doublescan +hsync +vsync (64.9 kHz d)
[   496.285] (II) modeset(0): Modeline "800x450"x119.9   59.12  800 848 928 1056  450 451 454 467 doublescan -hsync +vsync (56.0 kHz d)
[   496.285] (II) modeset(0): Modeline "800x450"x119.6   48.75  800 824 840 880  450 451 454 463 doublescan +hsync -vsync (55.4 kHz d)
[   496.285] (II) modeset(0): Modeline "640x512"x120.0   54.00  640 664 720 844  512 512 514 533 doublescan +hsync +vsync (64.0 kHz d)
[   496.285] (II) modeset(0): Modeline "720x450"x119.8   53.25  720 760 836 952  450 451 454 467 doublescan -hsync +vsync (55.9 kHz d)
[   496.285] (II) modeset(0): Modeline "700x450"x119.9   51.75  700 740 812 924  450 451 456 467 doublescan -hsync +vsync (56.0 kHz d)
[   496.285] (II) modeset(0): Modeline "700x450"x119.8   43.25  700 724 740 780  450 451 456 463 doublescan +hsync -vsync (55.4 kHz d)
[   496.285] (II) modeset(0): Modeline "640x480"x120.0   54.00  640 688 744 900  480 480 482 500 doublescan +hsync +vsync (60.0 kHz d)
[   496.285] (II) modeset(0): Modeline "640x480"x59.9   25.18  640 656 752 800  480 490 492 525 -hsync -vsync (31.5 kHz d)
[   496.285] (II) modeset(0): Modeline "720x405"x59.5   22.50  720 744 808 896  405 408 413 422 -hsync +vsync (25.1 kHz d)
[   496.285] (II) modeset(0): Modeline "720x405"x59.0   21.75  720 768 800 880  405 408 413 419 +hsync -vsync (24.7 kHz d)
[   496.285] (II) modeset(0): Modeline "684x384"x119.8   42.62  684 720 788 892  384 385 390 399 doublescan -hsync +vsync (47.8 kHz d)
[   496.285] (II) modeset(0): Modeline "684x384"x119.7   36.12  684 708 724 764  384 385 390 395 doublescan +hsync -vsync (47.3 kHz d)
[   496.285] (II) modeset(0): Modeline "680x384"x119.6   42.38  680 716 784 888  384 385 390 399 doublescan -hsync +vsync (47.7 kHz d)
[   496.285] (II) modeset(0): Modeline "680x384"x119.9   36.00  680 704 720 760  384 385 390 395 doublescan +hsync -vsync (47.4 kHz d)
[   496.285] (II) modeset(0): Modeline "640x400"x119.8   41.75  640 676 740 840  400 401 404 415 doublescan -hsync +vsync (49.7 kHz d)
[   496.285] (II) modeset(0): Modeline "640x400"x120.0   35.50  640 664 680 720  400 401 404 411 doublescan +hsync -vsync (49.3 kHz d)
[   496.285] (II) modeset(0): Modeline "576x432"x120.1   40.81  576 608 668 760  432 432 434 447 doublescan -hsync +vsync (53.7 kHz d)
[   496.285] (II) modeset(0): Modeline "640x360"x119.7   37.25  640 672 736 832  360 361 364 374 doublescan -hsync +vsync (44.8 kHz d)
[   496.285] (II) modeset(0): Modeline "640x360"x119.7   31.88  640 664 680 720  360 361 364 370 doublescan +hsync -vsync (44.3 kHz d)
[   496.285] (II) modeset(0): Modeline "640x360"x59.8   18.00  640 664 720 800  360 363 368 376 -hsync +vsync (22.5 kHz d)
[   496.285] (II) modeset(0): Modeline "640x360"x59.3   17.75  640 688 720 800  360 363 368 374 +hsync -vsync (22.2 kHz d)
[   496.285] (II) modeset(0): Modeline "512x384"x120.0   32.50  512 524 592 672  384 385 388 403 doublescan -hsync -vsync (48.4 kHz d)
[   496.285] (II) modeset(0): Modeline "512x288"x120.0   23.25  512 532 580 648  288 289 292 299 doublescan -hsync +vsync (35.9 kHz d)
[   496.285] (II) modeset(0): Modeline "512x288"x119.8   21.00  512 536 552 592  288 289 292 296 doublescan +hsync -vsync (35.5 kHz d)
[   496.285] (II) modeset(0): Modeline "480x270"x119.3   20.38  480 496 544 608  270 271 274 281 doublescan -hsync +vsync (33.5 kHz d)
[   496.285] (II) modeset(0): Modeline "480x270"x119.6   18.62  480 504 520 560  270 271 274 278 doublescan +hsync -vsync (33.3 kHz d)
[   496.285] (II) modeset(0): Modeline "400x300"x120.6   20.00  400 420 484 528  300 300 302 314 doublescan +hsync +vsync (37.9 kHz d)
[   496.285] (II) modeset(0): Modeline "400x300"x112.7   18.00  400 412 448 512  300 300 301 312 doublescan +hsync +vsync (35.2 kHz d)
[   496.285] (II) modeset(0): Modeline "432x243"x119.8   16.25  432 444 484 536  243 244 247 253 doublescan -hsync +vsync (30.3 kHz d)
[   496.285] (II) modeset(0): Modeline "432x243"x119.1   15.25  432 456 472 512  243 244 247 250 doublescan +hsync -vsync (29.8 kHz d)
[   496.285] (II) modeset(0): Modeline "320x240"x120.1   12.59  320 328 376 400  240 245 246 262 doublescan -hsync -vsync (31.5 kHz d)
[   496.285] (II) modeset(0): Modeline "360x202"x119.0   11.25  360 372 404 448  202 204 206 211 doublescan -hsync +vsync (25.1 kHz d)
[   496.285] (II) modeset(0): Modeline "360x202"x118.3   10.88  360 384 400 440  202 204 206 209 doublescan +hsync -vsync (24.7 kHz d)
[   496.285] (II) modeset(0): Modeline "320x180"x119.7    9.00  320 332 360 400  180 181 184 188 doublescan -hsync +vsync (22.5 kHz d)
[   496.285] (II) modeset(0): Modeline "320x180"x118.6    8.88  320 344 360 400  180 181 184 187 doublescan +hsync -vsync (22.2 kHz d)
[   496.290] (II) modeset(0): EDID for output HDMI-1
[   496.291] (II) modeset(0): EDID for output DP-1
[   496.295] (II) modeset(0): EDID for output HDMI-2
[   496.295] (II) modeset(0): Output eDP-1 connected
[   496.295] (II) modeset(0): Output HDMI-1 disconnected
[   496.295] (II) modeset(0): Output DP-1 disconnected
[   496.295] (II) modeset(0): Output HDMI-2 disconnected
[   496.295] (II) modeset(0): Using exact sizes for initial modes
[   496.295] (II) modeset(0): Output eDP-1 using initial mode 1920x1080 +0+0
[   496.295] (==) modeset(0): Using gamma correction (1.0, 1.0, 1.0)
[   496.295] (==) modeset(0): DPI set to (96, 96)
[   496.296] (II) Loading sub module "fb"
[   496.296] (II) LoadModule: "fb"
[   496.296] (II) Loading /usr/lib/xorg/modules/libfb.so
[   496.296] (II) Module fb: vendor="X.Org Foundation"
[   496.296] 	compiled for 1.20.8, module version = 1.0.0
[   496.296] 	ABI class: X.Org ANSI C Emulation, version 0.4
[   496.296] (II) UnloadModule: "fbdev"
[   496.296] (II) Unloading fbdev
[   496.296] (II) UnloadSubModule: "fbdevhw"
[   496.296] (II) Unloading fbdevhw
[   496.296] (II) UnloadModule: "vesa"
[   496.296] (II) Unloading vesa
[   496.305] (==) modeset(0): Backing store enabled
[   496.305] (==) modeset(0): Silken mouse enabled
[   496.368] (II) modeset(0): Initializing kms color map for depth 24, 8 bpc.
[   496.368] (==) modeset(0): DPMS enabled
[   496.368] (II) modeset(0): [DRI2] Setup complete
[   496.368] (II) modeset(0): [DRI2]   DRI driver: i965
[   496.368] (II) modeset(0): [DRI2]   VDPAU driver: va_gl
[   496.368] (II) Initializing extension Generic Event Extension
[   496.369] (II) Initializing extension SHAPE
[   496.369] (II) Initializing extension MIT-SHM
[   496.369] (II) Initializing extension XInputExtension
[   496.370] (II) Initializing extension XTEST
[   496.370] (II) Initializing extension BIG-REQUESTS
[   496.370] (II) Initializing extension SYNC
[   496.370] (II) Initializing extension XKEYBOARD
[   496.370] (II) Initializing extension XC-MISC
[   496.370] (II) Initializing extension SECURITY
[   496.370] (II) Initializing extension XFIXES
[   496.371] (II) Initializing extension RENDER
[   496.371] (II) Initializing extension RANDR
[   496.371] (II) Initializing extension COMPOSITE
[   496.371] (II) Initializing extension DAMAGE
[   496.371] (II) Initializing extension MIT-SCREEN-SAVER
[   496.371] (II) Initializing extension DOUBLE-BUFFER
[   496.372] (II) Initializing extension RECORD
[   496.372] (II) Initializing extension DPMS
[   496.372] (II) Initializing extension Present
[   496.372] (II) Initializing extension DRI3
[   496.372] (II) Initializing extension X-Resource
[   496.372] (II) Initializing extension XVideo
[   496.372] (II) Initializing extension XVideo-MotionCompensation
[   496.372] (II) Initializing extension SELinux
[   496.372] (II) SELinux: Disabled on system
[   496.372] (II) Initializing extension GLX
[   496.379] (II) AIGLX: Loaded and initialized i965
[   496.379] (II) GLX: Initialized DRI2 GL provider for screen 0
[   496.379] (II) Initializing extension XFree86-VidModeExtension
[   496.379] (II) Initializing extension XFree86-DGA
[   496.379] (II) Initializing extension XFree86-DRI
[   496.379] (II) Initializing extension DRI2
[   496.382] (II) modeset(0): Damage tracking initialized
[   496.382] (II) modeset(0): Setting screen physical size to 508 x 285
[   496.418] (II) config/udev: Adding input device Power Button (/dev/input/event3)
[   496.418] (**) Power Button: Applying InputClass "libinput keyboard catchall"
[   496.418] (II) LoadModule: "libinput"
[   496.418] (II) Loading /usr/lib/xorg/modules/input/libinput_drv.so
[   496.419] (II) Module libinput: vendor="X.Org Foundation"
[   496.419] 	compiled for 1.20.1, module version = 0.28.1
[   496.419] 	Module class: X.Org XInput Driver
[   496.419] 	ABI class: X.Org XInput driver, version 24.1
[   496.419] (II) Using input driver 'libinput' for 'Power Button'
[   496.420] (II) systemd-logind: got fd for /dev/input/event3 13:67 fd 22 paused 0
[   496.420] (**) Power Button: always reports core events
[   496.420] (**) Option "Device" "/dev/input/event3"
[   496.420] (**) Option "_source" "server/udev"
[   496.421] (II) event3  - Power Button: is tagged by udev as: Keyboard
[   496.421] (II) event3  - Power Button: device is a keyboard
[   496.421] (II) event3  - Power Button: device removed
[   496.421] (**) Option "config_info" "udev:/sys/devices/LNXSYSTM:00/LNXPWRBN:00/input/input3/event3"
[   496.421] (II) XINPUT: Adding extended input device "Power Button" (type: KEYBOARD, id 6)
[   496.421] (**) Option "xkb_model" "pc105"
[   496.421] (**) Option "xkb_layout" "us"
[   496.422] (II) event3  - Power Button: is tagged by udev as: Keyboard
[   496.422] (II) event3  - Power Button: device is a keyboard
[   496.422] (II) config/udev: Adding input device Video Bus (/dev/input/event8)
[   496.422] (**) Video Bus: Applying InputClass "libinput keyboard catchall"
[   496.422] (II) Using input driver 'libinput' for 'Video Bus'
[   496.423] (II) systemd-logind: got fd for /dev/input/event8 13:72 fd 25 paused 0
[   496.423] (**) Video Bus: always reports core events
[   496.423] (**) Option "Device" "/dev/input/event8"
[   496.423] (**) Option "_source" "server/udev"
[   496.424] (II) event8  - Video Bus: is tagged by udev as: Keyboard
[   496.424] (II) event8  - Video Bus: device is a keyboard
[   496.424] (II) event8  - Video Bus: device removed
[   496.424] (**) Option "config_info" "udev:/sys/devices/LNXSYSTM:00/LNXSYBUS:00/PNP0A08:00/LNXVIDEO:00/input/input9/event8"
[   496.424] (II) XINPUT: Adding extended input device "Video Bus" (type: KEYBOARD, id 7)
[   496.424] (**) Option "xkb_model" "pc105"
[   496.424] (**) Option "xkb_layout" "us"
[   496.425] (II) event8  - Video Bus: is tagged by udev as: Keyboard
[   496.425] (II) event8  - Video Bus: device is a keyboard
[   496.425] (II) config/udev: Adding input device Power Button (/dev/input/event1)
[   496.425] (**) Power Button: Applying InputClass "libinput keyboard catchall"
[   496.425] (II) Using input driver 'libinput' for 'Power Button'
[   496.426] (II) systemd-logind: got fd for /dev/input/event1 13:65 fd 26 paused 0
[   496.427] (**) Power Button: always reports core events
[   496.427] (**) Option "Device" "/dev/input/event1"
[   496.427] (**) Option "_source" "server/udev"
[   496.427] (II) event1  - Power Button: is tagged by udev as: Keyboard
[   496.427] (II) event1  - Power Button: device is a keyboard
[   496.427] (II) event1  - Power Button: device removed
[   496.427] (**) Option "config_info" "udev:/sys/devices/LNXSYSTM:00/LNXSYBUS:00/PNP0C0C:00/input/input1/event1"
[   496.427] (II) XINPUT: Adding extended input device "Power Button" (type: KEYBOARD, id 8)
[   496.427] (**) Option "xkb_model" "pc105"
[   496.427] (**) Option "xkb_layout" "us"
[   496.428] (II) event1  - Power Button: is tagged by udev as: Keyboard
[   496.428] (II) event1  - Power Button: device is a keyboard
[   496.429] (II) config/udev: Adding input device Lid Switch (/dev/input/event0)
[   496.429] (II) No input driver specified, ignoring this device.
[   496.429] (II) This device may have been added with another device file.
[   496.429] (II) config/udev: Adding input device Sleep Button (/dev/input/event2)
[   496.429] (**) Sleep Button: Applying InputClass "libinput keyboard catchall"
[   496.429] (II) Using input driver 'libinput' for 'Sleep Button'
[   496.430] (II) systemd-logind: got fd for /dev/input/event2 13:66 fd 27 paused 0
[   496.430] (**) Sleep Button: always reports core events
[   496.430] (**) Option "Device" "/dev/input/event2"
[   496.430] (**) Option "_source" "server/udev"
[   496.431] (II) event2  - Sleep Button: is tagged by udev as: Keyboard
[   496.431] (II) event2  - Sleep Button: device is a keyboard
[   496.431] (II) event2  - Sleep Button: device removed
[   496.431] (**) Option "config_info" "udev:/sys/devices/LNXSYSTM:00/LNXSYBUS:00/PNP0C0E:00/input/input2/event2"
[   496.431] (II) XINPUT: Adding extended input device "Sleep Button" (type: KEYBOARD, id 9)
[   496.431] (**) Option "xkb_model" "pc105"
[   496.431] (**) Option "xkb_layout" "us"
[   496.432] (II) event2  - Sleep Button: is tagged by udev as: Keyboard
[   496.432] (II) event2  - Sleep Button: device is a keyboard
[   496.432] (II) config/udev: Adding input device Logitech Wireless Receiver Mouse (/dev/input/event5)
[   496.432] (**) Logitech Wireless Receiver Mouse: Applying InputClass "libinput pointer catchall"
[   496.432] (II) Using input driver 'libinput' for 'Logitech Wireless Receiver Mouse'
[   496.490] (II) systemd-logind: got fd for /dev/input/event5 13:69 fd 28 paused 0
[   496.490] (**) Logitech Wireless Receiver Mouse: always reports core events
[   496.490] (**) Option "Device" "/dev/input/event5"
[   496.491] (**) Option "_source" "server/udev"
[   496.492] (II) event5  - Logitech Wireless Receiver Mouse: is tagged by udev as: Mouse
[   496.492] (II) event5  - Logitech Wireless Receiver Mouse: device is a pointer
[   496.492] (II) event5  - Logitech Wireless Receiver Mouse: device removed
[   496.492] (**) Option "config_info" "udev:/sys/devices/pci0000:00/0000:00:14.0/usb1/1-1/1-1:1.0/0003:046D:C542.0001/input/input7/event5"
[   496.492] (II) XINPUT: Adding extended input device "Logitech Wireless Receiver Mouse" (type: MOUSE, id 10)
[   496.493] (**) Option "AccelerationScheme" "none"
[   496.493] (**) Logitech Wireless Receiver Mouse: (accel) selected scheme none/0
[   496.493] (**) Logitech Wireless Receiver Mouse: (accel) acceleration factor: 2.000
[   496.493] (**) Logitech Wireless Receiver Mouse: (accel) acceleration threshold: 4
[   496.494] (II) event5  - Logitech Wireless Receiver Mouse: is tagged by udev as: Mouse
[   496.494] (II) event5  - Logitech Wireless Receiver Mouse: device is a pointer
[   496.494] (II) config/udev: Adding input device Logitech Wireless Receiver Mouse (/dev/input/mouse0)
[   496.495] (II) No input driver specified, ignoring this device.
[   496.495] (II) This device may have been added with another device file.
[   496.495] (II) config/udev: Adding input device Integrated_Webcam_HD: Integrate (/dev/input/event10)
[   496.495] (**) Integrated_Webcam_HD: Integrate: Applying InputClass "libinput keyboard catchall"
[   496.495] (II) Using input driver 'libinput' for 'Integrated_Webcam_HD: Integrate'
[   496.496] (II) systemd-logind: got fd for /dev/input/event10 13:74 fd 29 paused 0
[   496.496] (**) Integrated_Webcam_HD: Integrate: always reports core events
[   496.496] (**) Option "Device" "/dev/input/event10"
[   496.496] (**) Option "_source" "server/udev"
[   496.497] (II) event10 - Integrated_Webcam_HD: Integrate: is tagged by udev as: Keyboard
[   496.498] (II) event10 - Integrated_Webcam_HD: Integrate: device is a keyboard
[   496.498] (II) event10 - Integrated_Webcam_HD: Integrate: device removed
[   496.498] (**) Option "config_info" "udev:/sys/devices/pci0000:00/0000:00:14.0/usb1/1-2/1-2:1.0/input/input11/event10"
[   496.498] (II) XINPUT: Adding extended input device "Integrated_Webcam_HD: Integrate" (type: KEYBOARD, id 11)
[   496.498] (**) Option "xkb_model" "pc105"
[   496.498] (**) Option "xkb_layout" "us"
[   496.499] (II) event10 - Integrated_Webcam_HD: Integrate: is tagged by udev as: Keyboard
[   496.499] (II) event10 - Integrated_Webcam_HD: Integrate: device is a keyboard
[   496.499] (II) config/udev: Adding input device HDA Intel PCH Headphone Mic (/dev/input/event11)
[   496.499] (II) No input driver specified, ignoring this device.
[   496.499] (II) This device may have been added with another device file.
[   496.500] (II) config/udev: Adding input device HDA Intel PCH Dock Mic (/dev/input/event12)
[   496.500] (II) No input driver specified, ignoring this device.
[   496.500] (II) This device may have been added with another device file.
[   496.500] (II) config/udev: Adding input device HDA Intel PCH Dock Line Out (/dev/input/event13)
[   496.500] (II) No input driver specified, ignoring this device.
[   496.500] (II) This device may have been added with another device file.
[   496.501] (II) config/udev: Adding input device HDA Intel PCH HDMI/DP,pcm=3 (/dev/input/event14)
[   496.501] (II) No input driver specified, ignoring this device.
[   496.501] (II) This device may have been added with another device file.
[   496.501] (II) config/udev: Adding input device HDA Intel PCH HDMI/DP,pcm=7 (/dev/input/event15)
[   496.501] (II) No input driver specified, ignoring this device.
[   496.501] (II) This device may have been added with another device file.
[   496.502] (II) config/udev: Adding input device HDA Intel PCH HDMI/DP,pcm=8 (/dev/input/event16)
[   496.502] (II) No input driver specified, ignoring this device.
[   496.502] (II) This device may have been added with another device file.
[   496.502] (II) config/udev: Adding input device HDA Intel PCH HDMI/DP,pcm=9 (/dev/input/event17)
[   496.502] (II) No input driver specified, ignoring this device.
[   496.502] (II) This device may have been added with another device file.
[   496.503] (II) config/udev: Adding input device HDA Intel PCH HDMI/DP,pcm=10 (/dev/input/event18)
[   496.503] (II) No input driver specified, ignoring this device.
[   496.503] (II) This device may have been added with another device file.
[   496.503] (II) config/udev: Adding input device Dell WMI hotkeys (/dev/input/event9)
[   496.503] (**) Dell WMI hotkeys: Applying InputClass "libinput keyboard catchall"
[   496.503] (II) Using input driver 'libinput' for 'Dell WMI hotkeys'
[   496.504] (II) systemd-logind: got fd for /dev/input/event9 13:73 fd 30 paused 0
[   496.504] (**) Dell WMI hotkeys: always reports core events
[   496.504] (**) Option "Device" "/dev/input/event9"
[   496.504] (**) Option "_source" "server/udev"
[   496.505] (II) event9  - Dell WMI hotkeys: is tagged by udev as: Keyboard
[   496.505] (II) event9  - Dell WMI hotkeys: device is a keyboard
[   496.505] (II) event9  - Dell WMI hotkeys: device removed
[   496.505] (**) Option "config_info" "udev:/sys/devices/platform/PNP0C14:00/wmi_bus/wmi_bus-PNP0C14:00/9DBB5994-A997-11DA-B012-B622A1EF5492/input/input10/event9"
[   496.505] (II) XINPUT: Adding extended input device "Dell WMI hotkeys" (type: KEYBOARD, id 12)
[   496.505] (**) Option "xkb_model" "pc105"
[   496.505] (**) Option "xkb_layout" "us"
[   496.506] (II) event9  - Dell WMI hotkeys: is tagged by udev as: Keyboard
[   496.506] (II) event9  - Dell WMI hotkeys: device is a keyboard
[   496.507] (II) config/udev: Adding input device AT Translated Set 2 keyboard (/dev/input/event4)
[   496.507] (**) AT Translated Set 2 keyboard: Applying InputClass "libinput keyboard catchall"
[   496.507] (II) Using input driver 'libinput' for 'AT Translated Set 2 keyboard'
[   496.508] (II) systemd-logind: got fd for /dev/input/event4 13:68 fd 31 paused 0
[   496.508] (**) AT Translated Set 2 keyboard: always reports core events
[   496.508] (**) Option "Device" "/dev/input/event4"
[   496.508] (**) Option "_source" "server/udev"
[   496.509] (II) event4  - AT Translated Set 2 keyboard: is tagged by udev as: Keyboard
[   496.509] (II) event4  - AT Translated Set 2 keyboard: device is a keyboard
[   496.509] (II) event4  - AT Translated Set 2 keyboard: device removed
[   496.509] (**) Option "config_info" "udev:/sys/devices/platform/i8042/serio0/input/input4/event4"
[   496.509] (II) XINPUT: Adding extended input device "AT Translated Set 2 keyboard" (type: KEYBOARD, id 13)
[   496.509] (**) Option "xkb_model" "pc105"
[   496.509] (**) Option "xkb_layout" "us"
[   496.510] (II) event4  - AT Translated Set 2 keyboard: is tagged by udev as: Keyboard
[   496.510] (II) event4  - AT Translated Set 2 keyboard: device is a keyboard
[   496.511] (II) config/udev: Adding input device AlpsPS/2 ALPS GlidePoint (/dev/input/event6)
[   496.511] (**) AlpsPS/2 ALPS GlidePoint: Applying InputClass "libinput touchpad catchall"
[   496.511] (II) Using input driver 'libinput' for 'AlpsPS/2 ALPS GlidePoint'
[   496.513] (II) systemd-logind: got fd for /dev/input/event6 13:70 fd 32 paused 0
[   496.513] (**) AlpsPS/2 ALPS GlidePoint: always reports core events
[   496.513] (**) Option "Device" "/dev/input/event6"
[   496.513] (**) Option "_source" "server/udev"
[   496.514] (II) event6  - AlpsPS/2 ALPS GlidePoint: is tagged by udev as: Touchpad
[   496.514] (II) event6  - AlpsPS/2 ALPS GlidePoint: device is a touchpad
[   496.514] (II) event6  - AlpsPS/2 ALPS GlidePoint: device removed
[   496.514] (**) Option "config_info" "udev:/sys/devices/platform/i8042/serio1/input/input6/event6"
[   496.514] (II) XINPUT: Adding extended input device "AlpsPS/2 ALPS GlidePoint" (type: TOUCHPAD, id 14)
[   496.514] (**) Option "AccelerationScheme" "none"
[   496.514] (**) AlpsPS/2 ALPS GlidePoint: (accel) selected scheme none/0
[   496.514] (**) AlpsPS/2 ALPS GlidePoint: (accel) acceleration factor: 2.000
[   496.514] (**) AlpsPS/2 ALPS GlidePoint: (accel) acceleration threshold: 4
[   496.515] (II) event6  - AlpsPS/2 ALPS GlidePoint: is tagged by udev as: Touchpad
[   496.515] (II) event6  - AlpsPS/2 ALPS GlidePoint: device is a touchpad
[   496.515] (II) config/udev: Adding input device AlpsPS/2 ALPS GlidePoint (/dev/input/mouse1)
[   496.515] (II) No input driver specified, ignoring this device.
[   496.515] (II) This device may have been added with another device file.
[   496.517] (II) config/udev: Adding input device DELL Wireless hotkeys (/dev/input/event7)
[   496.517] (**) DELL Wireless hotkeys: Applying InputClass "libinput keyboard catchall"
[   496.517] (II) Using input driver 'libinput' for 'DELL Wireless hotkeys'
[   496.518] (II) systemd-logind: got fd for /dev/input/event7 13:71 fd 33 paused 0
[   496.518] (**) DELL Wireless hotkeys: always reports core events
[   496.518] (**) Option "Device" "/dev/input/event7"
[   496.518] (**) Option "_source" "server/udev"
[   496.519] (II) event7  - DELL Wireless hotkeys: is tagged by udev as: Keyboard
[   496.519] (II) event7  - DELL Wireless hotkeys: device is a keyboard
[   496.519] (II) event7  - DELL Wireless hotkeys: device removed
[   496.519] (**) Option "config_info" "udev:/sys/devices/virtual/input/input8/event7"
[   496.519] (II) XINPUT: Adding extended input device "DELL Wireless hotkeys" (type: KEYBOARD, id 15)
[   496.519] (**) Option "xkb_model" "pc105"
[   496.519] (**) Option "xkb_layout" "us"
[   496.520] (II) event7  - DELL Wireless hotkeys: is tagged by udev as: Keyboard
[   496.520] (II) event7  - DELL Wireless hotkeys: device is a keyboard
[   496.940] (II) modeset(0): EDID vendor "LGD", prod id 1168
[   496.940] (II) modeset(0): Printing DDC gathered Modelines:
[   496.940] (II) modeset(0): Modeline "1920x1080"x0.0  138.70  1920 1968 2000 2080  1080 1083 1088 1111 +hsync -vsync (66.7 kHz eP)
[   496.940] (II) modeset(0): Modeline "1920x1080"x0.0  110.90  1920 1968 2000 2080  1080 1083 1088 1111 +hsync -vsync (53.3 kHz e)
[ 15222.994] (EE) client bug: timer event6 tap: offset negative (-20ms)
[ 22587.403] (EE) event6  - AlpsPS/2 ALPS GlidePoint: kernel bug: Touch jump detected and discarded.
See https://wayland.freedesktop.org/libinput/doc/1.10.4/touchpad_jumping_cursor.html for details
