Initializing document watcher...
/home/user/Public/cm-crawl-master/import logging.config: {}
/home/user/Public/cm-crawl-master/emailread.py: {}
/home/user/Public/cm-crawl-master/emailread.py: {}
/home/user/Public/cm-crawl-master/emailread.py: {}
/home/user/Public/cm-crawl-master/import logging.config: {}
/home/user/Public/cm-crawl-master/import logging.config: {}
/home/user/Public/cm-crawl-master/import logging.config: {}
/home/user/Public/cm-crawl-master/emailread.py: {}
/home/user/Public/cm-crawl-master/emailread.py: {}
/home/user/Public/cm-crawl-master/import logging.config: {}
/home/user/Public/cm-crawl-master/import logging.config: Using EditorConfig core...
/home/user/Public/cm-crawl-master/import logging.config: {}
/home/user/Public/cm-crawl-master/emailread.py: {}
/home/user/Public/cm-crawl-master/README.md: {}
/home/user/Public/cm-crawl-master/emailread.py: {}
/home/user/Public/cm-crawl-master/emailread.py: {}
/home/user/Public/cm-crawl-master/emailread.py: {}
/home/user/Public/cm-crawl-master/tests.py: {}
/home/user/Public/cm-crawl-master/tests.py: Using EditorConfig core...
/home/user/Public/cm-crawl-master/tests.py: {}
/home/user/Public/cm-crawl-master/tests.py: Using EditorConfig core...
/home/user/Public/cm-crawl-master/tests.py: Using EditorConfig core...
/home/user/Public/cm-crawl-master/tests.py: Using EditorConfig core...
/home/user/Public/cm-crawl-master/tests.py: {}
/home/user/Public/cm-crawl-master/tests.py: {}
/home/user/Public/cm-crawl-master/tests.py: {}
/home/user/Public/cm-crawl-master/tests.py: {}
/home/user/Public/cm-crawl-master/tests.py: {}
/home/user/Public/cm-crawl-master/tests.py: {}
/home/user/Public/cm-crawl-master/tests.py: {}
/home/user/Public/cm-crawl-master/tests.py: {}
/home/user/Public/cm-crawl-master/emailread.py: {}
/home/user/Public/cm-crawl-master/emailread.py: {}
/home/user/Public/cm-crawl-master/emailread.py: Using EditorConfig core...
/home/user/Public/cm-crawl-master/emailread.py: Using EditorConfig core...
/home/user/Public/cm-crawl-master/tests.py: {}
/home/user/Public/cm-crawl-master/emailread.py: {}
/home/user/Public/cm-crawl-master/emailread.py: Using EditorConfig core...
/home/user/Public/cm-crawl-master/emailread.py: {}
/home/user/Public/cm-crawl-master/emailread.py: {}
/home/user/Public/cm-crawl-master/tests.py: {}
/home/user/Public/cm-crawl-master/tests.py: {}
/home/user/Public/cm-crawl-master/requirements.txt: {}
undefined: {}
/home/user/Public/cm-crawl-master/emailread.py: Using EditorConfig core...
undefined: {}
/home/user/Public/cm-crawl-master/import logging.py: Using EditorConfig core...
/home/user/Public/cm-crawl-master/import logging.py: {}
/home/user/Public/cm-crawl-master/import logging.py: {}
/home/user/Public/cm-crawl-master/import logging.py: {}
/home/user/Public/cm-crawl-master/emailread.py: {}
/home/user/Public/cm-crawl-master/emailread.py: {}
/home/user/Public/cm-crawl-master/emailread.py: Using EditorConfig core...
/home/user/Public/cm-crawl-master/emailread.py: {}
/home/user/Public/cm-crawl-master/emailread.py: Using EditorConfig core...
/home/user/Public/cm-crawl-master/emailread.py: {}
/home/user/Public/cm-crawl-master/emailread.py: {}
/home/user/Public/cm-crawl-master/emailread.py: Using EditorConfig core...
/home/user/Public/cm-crawl-master/emailread.py: {}
/home/user/Public/cm-crawl-master/emailread.py: {}
/home/user/Public/cm-crawl-master/emailread.py: {}
/home/user/Public/cm-crawl-master/emailread.py: {}
/home/user/Public/cm-crawl-master/emailread.py: Using EditorConfig core...
/home/user/Public/cm-crawl-master/emailread.py: Using EditorConfig core...
/home/user/Public/cm-crawl-master/emailread.py: Using EditorConfig core...
/home/user/Public/cm-crawl-master/emailread.py: Using EditorConfig core...
/home/user/Public/cm-crawl-master/requirements.txt: {}
/home/user/Public/cm-crawl-master/emailread.py: {}
/home/user/Public/cm-crawl-master/emailread.py: {}
/home/user/Public/cm-crawl-master/emailread.py: {}
/home/user/Public/cm-crawl-master/emailread.py: {}
/home/user/Public/cm-crawl-master/emailread.py: {}
/home/user/Public/cm-crawl-master/emailread.py: {}
/home/user/Public/cm-crawl-master/emailread.py: {}
/home/user/Public/cm-crawl-master/emailread.py: {}
/home/user/Public/cm-crawl-master/emailread.py: {}
/home/user/Public/cm-crawl-master/emailread.py: {}
/home/user/Public/cm-crawl-master/emailread.py: {}
/home/user/Public/cm-crawl-master/emailread.py: {}
/home/user/Public/cm-crawl-master/emailread.py: {}
/home/user/Public/cm-crawl-master/emailread.py: {}
