Initializing document watcher...
https-gitlab.scriptbees.com-pharmacovigilance-casemanagementsystem-cm-crawl/repository: {}
/home/user/Public/cm-crawl-master/emailread.py: {}
https-gitlab.scriptbees.com-pharmacovigilance-casemanagementsystem-cm-crawl/repository: {}
https-gitlab.scriptbees.com-pharmacovigilance-casemanagementsystem-cm-crawl/repository: {}
/home/user/Public/cm-crawl-master/emailread.py: {}
/home/user/Public/cm-crawl-master/tests.py: {}
/home/user/Public/cm-crawl-master/emailread.py: {}
/home/user/Public/cm-crawl-master/README.md: {}
/home/user/Public/cm-crawl-master/requirements.txt: {}
/home/user/Public/cm-crawl-master/emailread.py: {}
https-gitlab.scriptbees.com-pharmacovigilance-casemanagementsystem-cm-crawl/log_file.log: {}
https-gitlab.scriptbees.com-pharmacovigilance-casemanagementsystem-cm-crawl/txtfile.log: {}
https-gitlab.scriptbees.com-pharmacovigilance-casemanagementsystem-cm-crawl/log_file.log: {}
/home/user/Public/cm-crawl-master/emailread.py: {}
https-gitlab.scriptbees.com-pharmacovigilance-casemanagementsystem-cm-crawl/repository: {}
https-gitlab.scriptbees.com-pharmacovigilance-casemanagementsystem-cm-crawl/repository: {}
/home/user/Public/cm-crawl-master/emailread.py: {}
https-gitlab.scriptbees.com-pharmacovigilance-casemanagementsystem-cm-crawl/repository: {}
https-gitlab.scriptbees.com-pharmacovigilance-casemanagementsystem-cm-crawl/README.md: {}
https-gitlab.scriptbees.com-pharmacovigilance-casemanagementsystem-cm-crawl/txtfile.log: {}
https-gitlab.scriptbees.com-pharmacovigilance-casemanagementsystem-cm-crawl/log_file.log: {}
https-gitlab.scriptbees.com-pharmacovigilance-casemanagementsystem-cm-crawl/README.md: {}
https-gitlab.scriptbees.com-pharmacovigilance-casemanagementsystem-cm-crawl/README.md: {}
https-gitlab.scriptbees.com-pharmacovigilance-casemanagementsystem-cm-crawl/README.md: {}
No more open editors.
https-gitlab.scriptbees.com-pharmacovigilance-casemanagementsystem-cm-crawl/repository: {}
https-gitlab.scriptbees.com-pharmacovigilance-casemanagementsystem-cm-crawl/README.md: {}
https-gitlab.scriptbees.com-pharmacovigilance-casemanagementsystem-cm-crawl/repository: {}
/home/user/Public/cm-crawl-master/emailread.py: {}
https-gitlab.scriptbees.com-pharmacovigilance-casemanagementsystem-cm-crawl/repository: {}
/home/user/Public/cm-crawl-master/emailread.py: {}
/home/user/Public/cm-crawl-master/emailread.py: Using EditorConfig core...
https-gitlab.scriptbees.com-pharmacovigilance-casemanagementsystem-cm-crawl/repository: {}
/home/user/Public/cm-crawl-master/emailread.py: {}
/home/user/Public/cm-crawl-master/README.md: {}
/home/user/Public/cm-crawl-master/emailread.py: {}
https-gitlab.scriptbees.com-pharmacovigilance-casemanagementsystem-cm-crawl/README.md: {}
https-gitlab.scriptbees.com-pharmacovigilance-casemanagementsystem-cm-crawl/README.md: {}
https-gitlab.scriptbees.com-pharmacovigilance-casemanagementsystem-cm-crawl/README.md: {}
https-gitlab.scriptbees.com-pharmacovigilance-casemanagementsystem-cm-crawl/repository: {}
https-gitlab.scriptbees.com-pharmacovigilance-casemanagementsystem-cm-crawl/repository: {}
https-gitlab.scriptbees.com-pharmacovigilance-casemanagementsystem-cm-crawl/repository: {}
https-gitlab.scriptbees.com-pharmacovigilance-casemanagementsystem-cm-crawl/README.md: {}
https-gitlab.scriptbees.com-pharmacovigilance-casemanagementsystem-cm-crawl/README.md: {}
https-gitlab.scriptbees.com-pharmacovigilance-casemanagementsystem-cm-crawl/repository: {}
https-gitlab.scriptbees.com-pharmacovigilance-casemanagementsystem-cm-crawl/README.md: {}
/home/user/Public/cm-crawl-master/emailread.py: {}
https-gitlab.scriptbees.com-pharmacovigilance-casemanagementsystem-cm-crawl/repository: {}
https-gitlab.scriptbees.com-pharmacovigilance-casemanagementsystem-cm-crawl/repository: {}
https-gitlab.scriptbees.com-pharmacovigilance-casemanagementsystem-cm-crawl/repository: {}
https-gitlab.scriptbees.com-pharmacovigilance-casemanagementsystem-cm-crawl/repository: {}
undefined: {}
https-gitlab.scriptbees.com-pharmacovigilance-casemanagementsystem-cm-crawl/repository: {}
/home/user/Public/cm-crawl-master/emailread.py: {}
/home/user/Public/cm-crawl-master/emailread.py: {}
/home/user/Public/cm-crawl-master/emailread.py: {}
/home/user/Public/cm-crawl-master/emailread.py: {}
https-gitlab.scriptbees.com-pharmacovigilance-casemanagementsystem-cm-crawl/repository: {}
https-gitlab.scriptbees.com-pharmacovigilance-casemanagementsystem-cm-crawl/repository: {}
https-gitlab.scriptbees.com-pharmacovigilance-casemanagementsystem-cm-crawl/repository: {}
https-gitlab.scriptbees.com-pharmacovigilance-casemanagementsystem-cm-crawl/repository: {}
https-gitlab.scriptbees.com-pharmacovigilance-casemanagementsystem-cm-crawl/txtfile.log: {}
https-gitlab.scriptbees.com-pharmacovigilance-casemanagementsystem-cm-crawl/txtfile.log: {}
https-gitlab.scriptbees.com-pharmacovigilance-casemanagementsystem-cm-crawl/txtfile.log: {}
https-gitlab.scriptbees.com-pharmacovigilance-casemanagementsystem-cm-crawl/txtfile.log: {}
https-gitlab.scriptbees.com-pharmacovigilance-casemanagementsystem-cm-crawl/txtfile.log: {}
https-gitlab.scriptbees.com-pharmacovigilance-casemanagementsystem-cm-crawl/repository: {}
https-gitlab.scriptbees.com-pharmacovigilance-casemanagementsystem-cm-crawl/repository: {}
https-gitlab.scriptbees.com-pharmacovigilance-casemanagementsystem-cm-crawl/repository: {}
https-gitlab.scriptbees.com-pharmacovigilance-casemanagementsystem-cm-crawl/repository: {}
https-gitlab.scriptbees.com-pharmacovigilance-casemanagementsystem-cm-crawl/txtfile.log: {}
/home/user/Public/cm-crawl-master/emailread.py: {}
/home/user/Public/cm-crawl-master/emailread.py: {}
/home/user/Public/cm-crawl-master/emailread.py: {}
/home/user/Public/cm-crawl-master/emailread.py: {}
/home/user/Public/cm-crawl-master/emailread.py: {}
