Looking for git in: git
Using git 2.17.1 from git
> git rev-parse --git-dir
Open repository: /home/user/gittest/https-gitlab.scriptbees.com-pharmacovigilance-casemanagementsystem-cm-crawl
> git status -z -u
> git symbolic-ref --short HEAD
> git for-each-ref --format=%(refname)%00%(upstream:short)%00%(objectname)%00%(upstream:track) refs/heads/main refs/remotes/main
> git for-each-ref --sort -committerdate --format %(refname) %(objectname) %(*objectname)
> git remote --verbose
Warning: Failed to watch ref '/home/user/gittest/https-gitlab.scriptbees.com-pharmacovigilance-casemanagementsystem-cm-crawl/.git/refs/remotes/origin/main', is most likely packed.
> git config --get commit.template
> git rev-parse --git-dir
Open repository: /home/user
> git status -z -u
> git check-ignore -v -z --stdin
> git check-ignore -v -z --stdin
> git log --format=%H%n%aN%n%aE%n%at%n%ct%n%P%n%B -z -n21 -- /home/user/Public/cm-crawl-master/emailread.py
fatal: your current branch 'master' does not have any commits yet
> git check-ignore -v -z --stdin
> git status -z -u
> git symbolic-ref --short HEAD
> git for-each-ref --format=%(refname)%00%(upstream:short)%00%(objectname)%00%(upstream:track) refs/heads/main refs/remotes/main
> git for-each-ref --sort -committerdate --format %(refname) %(objectname) %(*objectname)
> git remote --verbose
Warning: Failed to watch ref '/home/user/gittest/https-gitlab.scriptbees.com-pharmacovigilance-casemanagementsystem-cm-crawl/.git/refs/remotes/origin/main', is most likely packed.
> git config --get commit.template
> git status -z -u
> git symbolic-ref --short HEAD
> git for-each-ref --format=%(refname)%00%(upstream:short)%00%(objectname)%00%(upstream:track) refs/heads/main refs/remotes/main
> git for-each-ref --sort -committerdate --format %(refname) %(objectname) %(*objectname)
> git remote --verbose
Warning: Failed to watch ref '/home/user/gittest/https-gitlab.scriptbees.com-pharmacovigilance-casemanagementsystem-cm-crawl/.git/refs/remotes/origin/main', is most likely packed.
> git config --get commit.template
Opening repository for path='/home/user/Public/cm-crawl-master' failed; ex=Canceled: Canceled
Opening repository for path='/home/user/gittest/https-gitlab.scriptbees.com-pharmacovigilance-casemanagementsystem-cm-crawl/README.md' failed; ex=Error: spawn ENOTDIR
Opening repository for path='/home/user/gittest/https-gitlab.scriptbees.com-pharmacovigilance-casemanagementsystem-cm-crawl/log_file.log' failed; ex=Error: spawn ENOTDIR
Opening repository for path='/home/user/gittest/https-gitlab.scriptbees.com-pharmacovigilance-casemanagementsystem-cm-crawl/txtfile.log' failed; ex=Error: spawn ENOTDIR
