Initializing document watcher...
/home/user/Public/cm-crawl-master/import logging.py: {}
/home/user/Public/cm-crawl-master/emailread.py: {}
/home/user/Public/cm-crawl-master/tests.py: {}
/home/user/Public/cm-crawl-master/emailread.py: {}
/home/user/Public/cm-crawl-master/emailread.py: Using EditorConfig core...
/home/user/Public/cm-crawl-master/README.md: {}
/home/user/Public/cm-crawl-master/requirements.txt: {}
/home/user/Public/cm-crawl-master/README.md: {}
/home/user/Public/cm-crawl-master/tests.py: {}
/home/user/Public/cm-crawl-master/emailread.py: {}
/home/user/Public/cm-crawl-master/requirements.txt: {}
/home/user/Public/cm-crawl-master/README.md: {}
/home/user/Public/cm-crawl-master/README.md: {}
/home/user/Public/cm-crawl-master/README.md: {}
/home/user/Public/cm-crawl-master/emailread.py: {}
/home/user/Public/cm-crawl-master/emailread.py: {}
/home/user/Public/cm-crawl-master/emailread.py: Using EditorConfig core...
/home/user/Public/cm-crawl-master/emailread.py: {}
/home/user/Public/cm-crawl-master/emailread.py: Using EditorConfig core...
/home/user/Public/cm-crawl-master/emailread.py: {}
/home/user/Public/cm-crawl-master/emailread.py: {}
/home/user/Public/cm-crawl-master/emailread.py: {}
/home/user/Public/cm-crawl-master/emailread.py: {}
/home/user/Public/cm-crawl-master/emailread.py: {}
/home/user/Public/cm-crawl-master/emailread.py: {}
/home/user/Public/cm-crawl-master/emailread.py: {}
/home/user/Public/cm-crawl-master/emailread.py: {}
/home/user/Public/cm-crawl-master/emailread.py: {}
/home/user/Public/cm-crawl-master/emailread.py: {}
/home/user/Public/cm-crawl-master/emailread.py: Using EditorConfig core...
/home/user/Public/cm-crawl-master/emailread.py: Using EditorConfig core...
/home/user/Public/cm-crawl-master/emailread.py: Using EditorConfig core...
/home/user/Public/cm-crawl-master/emailread.py: Using EditorConfig core...
/home/user/Public/cm-crawl-master/emailread.py: Using EditorConfig core...
/home/user/Public/cm-crawl-master/emailread.py: Using EditorConfig core...
/home/user/Public/cm-crawl-master/emailread.py: Using EditorConfig core...
/home/user/Public/cm-crawl-master/emailread.py: Using EditorConfig core...
/home/user/Public/cm-crawl-master/emailread.py: Using EditorConfig core...
/home/user/Public/cm-crawl-master/emailread.py: Using EditorConfig core...
/home/user/Public/cm-crawl-master/emailread.py: Using EditorConfig core...
/home/user/Public/cm-crawl-master/emailread.py: Using EditorConfig core...
/home/user/Public/cm-crawl-master/emailread.py: Using EditorConfig core...
/home/user/Public/cm-crawl-master/emailread.py: Using EditorConfig core...
/home/user/Public/cm-crawl-master/emailread.py: Using EditorConfig core...
/home/user/Public/cm-crawl-master/emailread.py: Using EditorConfig core...
/home/user/Public/cm-crawl-master/emailread.py: Using EditorConfig core...
/home/user/Public/cm-crawl-master/emailread.py: Using EditorConfig core...
/home/user/Public/cm-crawl-master/emailread.py: Using EditorConfig core...
/home/user/Public/cm-crawl-master/emailread.py: Using EditorConfig core...
/home/user/Public/cm-crawl-master/emailread.py: Using EditorConfig core...
/home/user/Public/cm-crawl-master/emailread.py: Using EditorConfig core...
/home/user/Public/cm-crawl-master/emailread.py: Using EditorConfig core...
/home/user/Public/cm-crawl-master/emailread.py: Using EditorConfig core...
/home/user/Public/cm-crawl-master/emailread.py: Using EditorConfig core...
/home/user/Public/cm-crawl-master/emailread.py: Using EditorConfig core...
/home/user/Public/cm-crawl-master/emailread.py: Using EditorConfig core...
/home/user/Public/cm-crawl-master/emailread.py: Using EditorConfig core...
/home/user/Public/cm-crawl-master/emailread.py: Using EditorConfig core...
/home/user/Public/cm-crawl-master/emailread.py: Using EditorConfig core...
/home/user/Public/cm-crawl-master/emailread.py: Using EditorConfig core...
/home/user/Public/cm-crawl-master/emailread.py: Using EditorConfig core...
/home/user/Public/cm-crawl-master/emailread.py: Using EditorConfig core...
/home/user/Public/cm-crawl-master/emailread.py: Using EditorConfig core...
/home/user/Public/cm-crawl-master/emailread.py: Using EditorConfig core...
/home/user/Public/cm-crawl-master/emailread.py: Using EditorConfig core...
/home/user/Public/cm-crawl-master/emailread.py: Using EditorConfig core...
/home/user/Public/cm-crawl-master/emailread.py: Using EditorConfig core...
/home/user/Public/cm-crawl-master/emailread.py: Using EditorConfig core...
/home/user/Public/cm-crawl-master/emailread.py: Using EditorConfig core...
/home/user/Public/cm-crawl-master/emailread.py: Using EditorConfig core...
/home/user/Public/cm-crawl-master/emailread.py: Using EditorConfig core...
/home/user/Public/cm-crawl-master/emailread.py: Using EditorConfig core...
/home/user/Public/cm-crawl-master/emailread.py: Using EditorConfig core...
/home/user/Public/cm-crawl-master/emailread.py: Using EditorConfig core...
/home/user/Public/cm-crawl-master/emailread.py: Using EditorConfig core...
/home/user/Public/cm-crawl-master/emailread.py: Using EditorConfig core...
/home/user/Public/cm-crawl-master/emailread.py: Using EditorConfig core...
/home/user/Public/cm-crawl-master/emailread.py: Using EditorConfig core...
/home/user/Public/cm-crawl-master/emailread.py: Using EditorConfig core...
/home/user/Public/cm-crawl-master/emailread.py: Using EditorConfig core...
/home/user/Public/cm-crawl-master/emailread.py: Using EditorConfig core...
/home/user/Public/cm-crawl-master/emailread.py: Using EditorConfig core...
/home/user/Public/cm-crawl-master/emailread.py: Using EditorConfig core...
/home/user/Public/cm-crawl-master/emailread.py: Using EditorConfig core...
/home/user/Public/cm-crawl-master/emailread.py: Using EditorConfig core...
/home/user/Public/cm-crawl-master/emailread.py: Using EditorConfig core...
/home/user/Public/cm-crawl-master/emailread.py: Using EditorConfig core...
/home/user/Public/cm-crawl-master/emailread.py: Using EditorConfig core...
/home/user/Public/cm-crawl-master/emailread.py: Using EditorConfig core...
/home/user/Public/cm-crawl-master/emailread.py: Using EditorConfig core...
/home/user/Public/cm-crawl-master/emailread.py: Using EditorConfig core...
/home/user/Public/cm-crawl-master/emailread.py: Using EditorConfig core...
/home/user/Public/cm-crawl-master/emailread.py: Using EditorConfig core...
/home/user/Public/cm-crawl-master/emailread.py: Using EditorConfig core...
/home/user/Public/cm-crawl-master/emailread.py: Using EditorConfig core...
/home/user/Public/cm-crawl-master/emailread.py: Using EditorConfig core...
/home/user/Public/cm-crawl-master/emailread.py: Using EditorConfig core...
/home/user/Public/cm-crawl-master/emailread.py: Using EditorConfig core...
/home/user/Public/cm-crawl-master/emailread.py: Using EditorConfig core...
/home/user/Public/cm-crawl-master/emailread.py: Using EditorConfig core...
/home/user/Public/cm-crawl-master/emailread.py: Using EditorConfig core...
/home/user/Public/cm-crawl-master/emailread.py: Using EditorConfig core...
/home/user/Public/cm-crawl-master/emailread.py: Using EditorConfig core...
/home/user/Public/cm-crawl-master/emailread.py: Using EditorConfig core...
/home/user/Public/cm-crawl-master/emailread.py: Using EditorConfig core...
/home/user/Public/cm-crawl-master/emailread.py: Using EditorConfig core...
/home/user/Public/cm-crawl-master/emailread.py: Using EditorConfig core...
/home/user/Public/cm-crawl-master/emailread.py: Using EditorConfig core...
/home/user/Public/cm-crawl-master/emailread.py: Using EditorConfig core...
/home/user/Public/cm-crawl-master/emailread.py: Using EditorConfig core...
/home/user/Public/cm-crawl-master/emailread.py: Using EditorConfig core...
/home/user/Public/cm-crawl-master/emailread.py: Using EditorConfig core...
/home/user/Public/cm-crawl-master/emailread.py: Using EditorConfig core...
/home/user/Public/cm-crawl-master/emailread.py: Using EditorConfig core...
/home/user/Public/cm-crawl-master/emailread.py: Using EditorConfig core...
/home/user/Public/cm-crawl-master/emailread.py: Using EditorConfig core...
/home/user/Public/cm-crawl-master/emailread.py: Using EditorConfig core...
/home/user/Public/cm-crawl-master/emailread.py: Using EditorConfig core...
/home/user/Public/cm-crawl-master/emailread.py: Using EditorConfig core...
/home/user/Public/cm-crawl-master/emailread.py: Using EditorConfig core...
/home/user/Public/cm-crawl-master/emailread.py: Using EditorConfig core...
/home/user/Public/cm-crawl-master/emailread.py: Using EditorConfig core...
/home/user/Public/cm-crawl-master/emailread.py: Using EditorConfig core...
/home/user/Public/cm-crawl-master/emailread.py: Using EditorConfig core...
/home/user/Public/cm-crawl-master/emailread.py: Using EditorConfig core...
/home/user/Public/cm-crawl-master/emailread.py: Using EditorConfig core...
/home/user/Public/cm-crawl-master/emailread.py: Using EditorConfig core...
/home/user/Public/cm-crawl-master/emailread.py: Using EditorConfig core...
/home/user/Public/cm-crawl-master/emailread.py: Using EditorConfig core...
/home/user/Public/cm-crawl-master/emailread.py: Using EditorConfig core...
/home/user/Public/cm-crawl-master/emailread.py: Using EditorConfig core...
/home/user/Public/cm-crawl-master/emailread.py: Using EditorConfig core...
/home/user/Public/cm-crawl-master/emailread.py: Using EditorConfig core...
/home/user/Public/cm-crawl-master/emailread.py: Using EditorConfig core...
/home/user/Public/cm-crawl-master/emailread.py: Using EditorConfig core...
/home/user/Public/cm-crawl-master/emailread.py: Using EditorConfig core...
/home/user/Public/cm-crawl-master/emailread.py: Using EditorConfig core...
/home/user/Public/cm-crawl-master/emailread.py: Using EditorConfig core...
/home/user/Public/cm-crawl-master/emailread.py: Using EditorConfig core...
/home/user/Public/cm-crawl-master/emailread.py: Using EditorConfig core...
/home/user/Public/cm-crawl-master/emailread.py: Using EditorConfig core...
/home/user/Public/cm-crawl-master/emailread.py: Using EditorConfig core...
/home/user/Public/cm-crawl-master/emailread.py: Using EditorConfig core...
/home/user/Public/cm-crawl-master/emailread.py: Using EditorConfig core...
/home/user/Public/cm-crawl-master/emailread.py: Using EditorConfig core...
/home/user/Public/cm-crawl-master/emailread.py: Using EditorConfig core...
/home/user/Public/cm-crawl-master/emailread.py: Using EditorConfig core...
/home/user/Public/cm-crawl-master/emailread.py: Using EditorConfig core...
/home/user/Public/cm-crawl-master/emailread.py: Using EditorConfig core...
/home/user/Public/cm-crawl-master/emailread.py: Using EditorConfig core...
/home/user/Public/cm-crawl-master/emailread.py: Using EditorConfig core...
/home/user/Public/cm-crawl-master/emailread.py: Using EditorConfig core...
/home/user/Public/cm-crawl-master/emailread.py: Using EditorConfig core...
/home/user/Public/cm-crawl-master/emailread.py: Using EditorConfig core...
/home/user/Public/cm-crawl-master/emailread.py: Using EditorConfig core...
/home/user/Public/cm-crawl-master/emailread.py: Using EditorConfig core...
/home/user/Public/cm-crawl-master/emailread.py: Using EditorConfig core...
/home/user/Public/cm-crawl-master/emailread.py: Using EditorConfig core...
/home/user/Public/cm-crawl-master/emailread.py: Using EditorConfig core...
/home/user/Public/cm-crawl-master/emailread.py: Using EditorConfig core...
/home/user/Public/cm-crawl-master/emailread.py: Using EditorConfig core...
/home/user/Public/cm-crawl-master/emailread.py: Using EditorConfig core...
/home/user/Public/cm-crawl-master/emailread.py: Using EditorConfig core...
/home/user/Public/cm-crawl-master/emailread.py: Using EditorConfig core...
/home/user/Public/cm-crawl-master/emailread.py: Using EditorConfig core...
/home/user/Public/cm-crawl-master/emailread.py: Using EditorConfig core...
/home/user/Public/cm-crawl-master/emailread.py: Using EditorConfig core...
/home/user/Public/cm-crawl-master/emailread.py: Using EditorConfig core...
/home/user/Public/cm-crawl-master/emailread.py: Using EditorConfig core...
/home/user/Public/cm-crawl-master/emailread.py: Using EditorConfig core...
/home/user/Public/cm-crawl-master/emailread.py: Using EditorConfig core...
/home/user/Public/cm-crawl-master/emailread.py: Using EditorConfig core...
/home/user/Public/cm-crawl-master/emailread.py: Using EditorConfig core...
/home/user/Public/cm-crawl-master/emailread.py: Using EditorConfig core...
/home/user/Public/cm-crawl-master/emailread.py: Using EditorConfig core...
/home/user/Public/cm-crawl-master/emailread.py: Using EditorConfig core...
/home/user/Public/cm-crawl-master/emailread.py: Using EditorConfig core...
/home/user/Public/cm-crawl-master/emailread.py: Using EditorConfig core...
/home/user/Public/cm-crawl-master/emailread.py: Using EditorConfig core...
/home/user/Public/cm-crawl-master/emailread.py: Using EditorConfig core...
/home/user/Public/cm-crawl-master/emailread.py: Using EditorConfig core...
/home/user/Public/cm-crawl-master/emailread.py: Using EditorConfig core...
/home/user/Public/cm-crawl-master/emailread.py: Using EditorConfig core...
/home/user/Public/cm-crawl-master/emailread.py: Using EditorConfig core...
/home/user/Public/cm-crawl-master/emailread.py: Using EditorConfig core...
/home/user/Public/cm-crawl-master/emailread.py: Using EditorConfig core...
/home/user/Public/cm-crawl-master/emailread.py: Using EditorConfig core...
/home/user/Public/cm-crawl-master/emailread.py: Using EditorConfig core...
/home/user/Public/cm-crawl-master/emailread.py: Using EditorConfig core...
/home/user/Public/cm-crawl-master/emailread.py: Using EditorConfig core...
/home/user/Public/cm-crawl-master/emailread.py: Using EditorConfig core...
/home/user/Public/cm-crawl-master/emailread.py: Using EditorConfig core...
/home/user/Public/cm-crawl-master/emailread.py: Using EditorConfig core...
/home/user/Public/cm-crawl-master/emailread.py: Using EditorConfig core...
/home/user/Public/cm-crawl-master/emailread.py: Using EditorConfig core...
/home/user/Public/cm-crawl-master/emailread.py: Using EditorConfig core...
/home/user/Public/cm-crawl-master/emailread.py: Using EditorConfig core...
/home/user/Public/cm-crawl-master/emailread.py: Using EditorConfig core...
/home/user/Public/cm-crawl-master/emailread.py: Using EditorConfig core...
/home/user/Public/cm-crawl-master/emailread.py: Using EditorConfig core...
/home/user/Public/cm-crawl-master/emailread.py: Using EditorConfig core...
/home/user/Public/cm-crawl-master/emailread.py: Using EditorConfig core...
/home/user/Public/cm-crawl-master/emailread.py: Using EditorConfig core...
/home/user/Public/cm-crawl-master/emailread.py: Using EditorConfig core...
/home/user/Public/cm-crawl-master/emailread.py: Using EditorConfig core...
/home/user/Public/cm-crawl-master/emailread.py: Using EditorConfig core...
/home/user/Public/cm-crawl-master/emailread.py: Using EditorConfig core...
/home/user/Public/cm-crawl-master/emailread.py: Using EditorConfig core...
/home/user/Public/cm-crawl-master/emailread.py: Using EditorConfig core...
/home/user/Public/cm-crawl-master/emailread.py: Using EditorConfig core...
/home/user/Public/cm-crawl-master/emailread.py: Using EditorConfig core...
/home/user/Public/cm-crawl-master/emailread.py: Using EditorConfig core...
/home/user/Public/cm-crawl-master/emailread.py: Using EditorConfig core...
/home/user/Public/cm-crawl-master/emailread.py: Using EditorConfig core...
/home/user/Public/cm-crawl-master/emailread.py: Using EditorConfig core...
/home/user/Public/cm-crawl-master/emailread.py: Using EditorConfig core...
/home/user/Public/cm-crawl-master/emailread.py: Using EditorConfig core...
/home/user/Public/cm-crawl-master/emailread.py: Using EditorConfig core...
/home/user/Public/cm-crawl-master/emailread.py: Using EditorConfig core...
/home/user/Public/cm-crawl-master/emailread.py: Using EditorConfig core...
/home/user/Public/cm-crawl-master/emailread.py: Using EditorConfig core...
/home/user/Public/cm-crawl-master/emailread.py: Using EditorConfig core...
/home/user/Public/cm-crawl-master/emailread.py: Using EditorConfig core...
/home/user/Public/cm-crawl-master/emailread.py: Using EditorConfig core...
/home/user/Public/cm-crawl-master/emailread.py: Using EditorConfig core...
/home/user/Public/cm-crawl-master/emailread.py: Using EditorConfig core...
/home/user/Public/cm-crawl-master/emailread.py: Using EditorConfig core...
/home/user/Public/cm-crawl-master/emailread.py: Using EditorConfig core...
/home/user/Public/cm-crawl-master/emailread.py: Using EditorConfig core...
/home/user/Public/cm-crawl-master/emailread.py: Using EditorConfig core...
/home/user/Public/cm-crawl-master/emailread.py: Using EditorConfig core...
/home/user/Public/cm-crawl-master/emailread.py: Using EditorConfig core...
/home/user/Public/cm-crawl-master/emailread.py: Using EditorConfig core...
/home/user/Public/cm-crawl-master/emailread.py: Using EditorConfig core...
/home/user/Public/cm-crawl-master/emailread.py: Using EditorConfig core...
/home/user/Public/cm-crawl-master/emailread.py: Using EditorConfig core...
/home/user/Public/cm-crawl-master/emailread.py: Using EditorConfig core...
/home/user/Public/cm-crawl-master/emailread.py: Using EditorConfig core...
/home/user/Public/cm-crawl-master/emailread.py: Using EditorConfig core...
/home/user/Public/cm-crawl-master/emailread.py: Using EditorConfig core...
/home/user/Public/cm-crawl-master/emailread.py: Using EditorConfig core...
/home/user/Public/cm-crawl-master/emailread.py: Using EditorConfig core...
/home/user/Public/cm-crawl-master/emailread.py: Using EditorConfig core...
/home/user/Public/cm-crawl-master/emailread.py: Using EditorConfig core...
/home/user/Public/cm-crawl-master/emailread.py: Using EditorConfig core...
/home/user/Public/cm-crawl-master/emailread.py: Using EditorConfig core...
/home/user/Public/cm-crawl-master/emailread.py: Using EditorConfig core...
/home/user/Public/cm-crawl-master/emailread.py: Using EditorConfig core...
/home/user/Public/cm-crawl-master/emailread.py: Using EditorConfig core...
/home/user/Public/cm-crawl-master/emailread.py: Using EditorConfig core...
/home/user/Public/cm-crawl-master/emailread.py: Using EditorConfig core...
/home/user/Public/cm-crawl-master/emailread.py: Using EditorConfig core...
/home/user/Public/cm-crawl-master/emailread.py: Using EditorConfig core...
/home/user/Public/cm-crawl-master/emailread.py: Using EditorConfig core...
/home/user/Public/cm-crawl-master/emailread.py: Using EditorConfig core...
/home/user/Public/cm-crawl-master/emailread.py: Using EditorConfig core...
/home/user/Public/cm-crawl-master/emailread.py: Using EditorConfig core...
/home/user/Public/cm-crawl-master/emailread.py: Using EditorConfig core...
/home/user/Public/cm-crawl-master/emailread.py: Using EditorConfig core...
/home/user/Public/cm-crawl-master/emailread.py: Using EditorConfig core...
/home/user/Public/cm-crawl-master/emailread.py: Using EditorConfig core...
/home/user/Public/cm-crawl-master/emailread.py: Using EditorConfig core...
/home/user/Public/cm-crawl-master/emailread.py: Using EditorConfig core...
/home/user/Public/cm-crawl-master/emailread.py: Using EditorConfig core...
/home/user/Public/cm-crawl-master/emailread.py: Using EditorConfig core...
/home/user/Public/cm-crawl-master/emailread.py: Using EditorConfig core...
/home/user/Public/cm-crawl-master/emailread.py: Using EditorConfig core...
/home/user/Public/cm-crawl-master/emailread.py: Using EditorConfig core...
/home/user/Public/cm-crawl-master/emailread.py: Using EditorConfig core...
/home/user/Public/cm-crawl-master/emailread.py: Using EditorConfig core...
/home/user/Public/cm-crawl-master/emailread.py: Using EditorConfig core...
/home/user/Public/cm-crawl-master/emailread.py: Using EditorConfig core...
/home/user/Public/cm-crawl-master/emailread.py: Using EditorConfig core...
/home/user/Public/cm-crawl-master/emailread.py: Using EditorConfig core...
/home/user/Public/cm-crawl-master/emailread.py: Using EditorConfig core...
/home/user/Public/cm-crawl-master/emailread.py: Using EditorConfig core...
/home/user/Public/cm-crawl-master/emailread.py: Using EditorConfig core...
/home/user/Public/cm-crawl-master/emailread.py: Using EditorConfig core...
/home/user/Public/cm-crawl-master/emailread.py: Using EditorConfig core...
/home/user/Public/cm-crawl-master/emailread.py: Using EditorConfig core...
/home/user/Public/cm-crawl-master/emailread.py: Using EditorConfig core...
/home/user/Public/cm-crawl-master/emailread.py: Using EditorConfig core...
/home/user/Public/cm-crawl-master/emailread.py: Using EditorConfig core...
/home/user/Public/cm-crawl-master/emailread.py: Using EditorConfig core...
/home/user/Public/cm-crawl-master/emailread.py: Using EditorConfig core...
/home/user/Public/cm-crawl-master/emailread.py: Using EditorConfig core...
/home/user/Public/cm-crawl-master/emailread.py: Using EditorConfig core...
/home/user/Public/cm-crawl-master/emailread.py: Using EditorConfig core...
/home/user/Public/cm-crawl-master/emailread.py: Using EditorConfig core...
/home/user/Public/cm-crawl-master/emailread.py: Using EditorConfig core...
/home/user/Public/cm-crawl-master/emailread.py: Using EditorConfig core...
/home/user/Public/cm-crawl-master/emailread.py: Using EditorConfig core...
/home/user/Public/cm-crawl-master/emailread.py: Using EditorConfig core...
/home/user/Public/cm-crawl-master/emailread.py: Using EditorConfig core...
/home/user/Public/cm-crawl-master/emailread.py: Using EditorConfig core...
/home/user/Public/cm-crawl-master/emailread.py: Using EditorConfig core...
/home/user/Public/cm-crawl-master/emailread.py: Using EditorConfig core...
/home/user/Public/cm-crawl-master/emailread.py: Using EditorConfig core...
/home/user/Public/cm-crawl-master/emailread.py: Using EditorConfig core...
/home/user/Public/cm-crawl-master/emailread.py: Using EditorConfig core...
/home/user/Public/cm-crawl-master/emailread.py: Using EditorConfig core...
/home/user/Public/cm-crawl-master/emailread.py: Using EditorConfig core...
/home/user/Public/cm-crawl-master/emailread.py: Using EditorConfig core...
/home/user/Public/cm-crawl-master/emailread.py: Using EditorConfig core...
/home/user/Public/cm-crawl-master/emailread.py: Using EditorConfig core...
/home/user/Public/cm-crawl-master/emailread.py: Using EditorConfig core...
/home/user/Public/cm-crawl-master/emailread.py: Using EditorConfig core...
/home/user/Public/cm-crawl-master/emailread.py: Using EditorConfig core...
/home/user/Public/cm-crawl-master/emailread.py: Using EditorConfig core...
/home/user/Public/cm-crawl-master/emailread.py: Using EditorConfig core...
/home/user/Public/cm-crawl-master/emailread.py: Using EditorConfig core...
/home/user/Public/cm-crawl-master/emailread.py: Using EditorConfig core...
/home/user/Public/cm-crawl-master/emailread.py: Using EditorConfig core...
/home/user/Public/cm-crawl-master/emailread.py: Using EditorConfig core...
/home/user/Public/cm-crawl-master/emailread.py: Using EditorConfig core...
/home/user/Public/cm-crawl-master/emailread.py: Using EditorConfig core...
/home/user/Public/cm-crawl-master/emailread.py: Using EditorConfig core...
/home/user/Public/cm-crawl-master/emailread.py: Using EditorConfig core...
/home/user/Public/cm-crawl-master/emailread.py: Using EditorConfig core...
/home/user/Public/cm-crawl-master/emailread.py: Using EditorConfig core...
/home/user/Public/cm-crawl-master/emailread.py: Using EditorConfig core...
/home/user/Public/cm-crawl-master/emailread.py: Using EditorConfig core...
/home/user/Public/cm-crawl-master/emailread.py: Using EditorConfig core...
/home/user/Public/cm-crawl-master/emailread.py: Using EditorConfig core...
/home/user/Public/cm-crawl-master/emailread.py: Using EditorConfig core...
/home/user/Public/cm-crawl-master/emailread.py: Using EditorConfig core...
/home/user/Public/cm-crawl-master/emailread.py: Using EditorConfig core...
/home/user/Public/cm-crawl-master/emailread.py: Using EditorConfig core...
/home/user/Public/cm-crawl-master/emailread.py: Using EditorConfig core...
/home/user/Public/cm-crawl-master/emailread.py: Using EditorConfig core...
/home/user/Public/cm-crawl-master/emailread.py: Using EditorConfig core...
/home/user/Public/cm-crawl-master/emailread.py: Using EditorConfig core...
/home/user/Public/cm-crawl-master/emailread.py: Using EditorConfig core...
/home/user/Public/cm-crawl-master/emailread.py: Using EditorConfig core...
/home/user/Public/cm-crawl-master/emailread.py: Using EditorConfig core...
/home/user/Public/cm-crawl-master/emailread.py: Using EditorConfig core...
/home/user/Public/cm-crawl-master/emailread.py: Using EditorConfig core...
/home/user/Public/cm-crawl-master/emailread.py: Using EditorConfig core...
/home/user/Public/cm-crawl-master/emailread.py: Using EditorConfig core...
/home/user/Public/cm-crawl-master/emailread.py: Using EditorConfig core...
/home/user/Public/cm-crawl-master/emailread.py: Using EditorConfig core...
/home/user/Public/cm-crawl-master/emailread.py: Using EditorConfig core...
/home/user/Public/cm-crawl-master/emailread.py: Using EditorConfig core...
/home/user/Public/cm-crawl-master/emailread.py: Using EditorConfig core...
/home/user/Public/cm-crawl-master/emailread.py: Using EditorConfig core...
/home/user/Public/cm-crawl-master/emailread.py: Using EditorConfig core...
/home/user/Public/cm-crawl-master/emailread.py: Using EditorConfig core...
/home/user/Public/cm-crawl-master/emailread.py: Using EditorConfig core...
/home/user/Public/cm-crawl-master/emailread.py: Using EditorConfig core...
/home/user/Public/cm-crawl-master/emailread.py: Using EditorConfig core...
/home/user/Public/cm-crawl-master/emailread.py: Using EditorConfig core...
/home/user/Public/cm-crawl-master/emailread.py: Using EditorConfig core...
/home/user/Public/cm-crawl-master/emailread.py: Using EditorConfig core...
/home/user/Public/cm-crawl-master/emailread.py: Using EditorConfig core...
/home/user/Public/cm-crawl-master/emailread.py: Using EditorConfig core...
/home/user/Public/cm-crawl-master/emailread.py: Using EditorConfig core...
/home/user/Public/cm-crawl-master/emailread.py: Using EditorConfig core...
/home/user/Public/cm-crawl-master/emailread.py: Using EditorConfig core...
/home/user/Public/cm-crawl-master/emailread.py: Using EditorConfig core...
/home/user/Public/cm-crawl-master/emailread.py: Using EditorConfig core...
/home/user/Public/cm-crawl-master/emailread.py: Using EditorConfig core...
/home/user/Public/cm-crawl-master/emailread.py: Using EditorConfig core...
/home/user/Public/cm-crawl-master/emailread.py: Using EditorConfig core...
/home/user/Public/cm-crawl-master/emailread.py: Using EditorConfig core...
/home/user/Public/cm-crawl-master/emailread.py: Using EditorConfig core...
/home/user/Public/cm-crawl-master/emailread.py: Using EditorConfig core...
/home/user/Public/cm-crawl-master/emailread.py: Using EditorConfig core...
/home/user/Public/cm-crawl-master/emailread.py: Using EditorConfig core...
/home/user/Public/cm-crawl-master/emailread.py: Using EditorConfig core...
/home/user/Public/cm-crawl-master/emailread.py: Using EditorConfig core...
/home/user/Public/cm-crawl-master/emailread.py: {}
https-gitlab.scriptbees.com-pharmacovigilance-casemanagementsystem-cm-crawl/repository: {}
https-gitlab.scriptbees.com-pharmacovigilance-casemanagementsystem-cm-crawl/repository: {}
No more open editors.
https-gitlab.scriptbees.com-pharmacovigilance-casemanagementsystem-cm-crawl/repository: {}
No more open editors.
https-gitlab.scriptbees.com-pharmacovigilance-casemanagementsystem-cm-crawl/repository: {}
/home/user/Public/cm-crawl-master/emailread.py: {}
No more open editors.
undefined: {}
https-gitlab.scriptbees.com-pharmacovigilance-casemanagementsystem-cm-crawl/repository: Using EditorConfig core...
