[2021-06-16 13:57:42.550] [sharedprocess] [info] [logs cleanup]: Starting to clean up old logs.
[2021-06-16 13:58:02.552] [sharedprocess] [info] [code cache cleanup]: Starting to clean up old code cache folders.
[2021-06-16 13:58:02.553] [sharedprocess] [info] [storage cleanup]: Starting to clean up storage folders.
[2021-06-16 13:58:12.553] [sharedprocess] [info] [language pack cache cleanup]: Starting to clean up unused language packs.
[2021-06-16 14:00:00.228] [sharedprocess] [info] Installing extension: ms-python.python
[2021-06-16 14:00:08.805] [sharedprocess] [info] Downloaded extension: ms-python.python /home/user/.config/Code - Insiders/CachedExtensionVSIXs/ms-python.python-2021.5.926500501
[2021-06-16 14:00:12.801] [sharedprocess] [info] Extracted extension to /home/user/.vscode-insiders/extensions/.5f25b208-90e6-4d41-a109-c389b30fe242: ms-python.python
[2021-06-16 14:00:12.822] [sharedprocess] [info] Renamed to /home/user/.vscode-insiders/extensions/ms-python.python-2021.5.926500501
[2021-06-16 14:00:12.833] [sharedprocess] [info] Installation completed. ms-python.python
[2021-06-16 14:00:13.245] [sharedprocess] [info] Installing extension: ms-toolsai.jupyter
[2021-06-16 14:00:13.246] [sharedprocess] [info] Installing extension: ms-python.vscode-pylance
[2021-06-16 14:00:27.171] [sharedprocess] [info] Downloaded extension: ms-python.vscode-pylance /home/user/.config/Code - Insiders/CachedExtensionVSIXs/ms-python.vscode-pylance-2021.6.1
[2021-06-16 14:00:29.995] [sharedprocess] [info] Downloaded extension: ms-toolsai.jupyter /home/user/.config/Code - Insiders/CachedExtensionVSIXs/ms-toolsai.jupyter-2021.7.935223353
[2021-06-16 14:00:30.516] [sharedprocess] [info] Extracted extension to /home/user/.vscode-insiders/extensions/.38a0dbc5-0e26-4bd5-a81e-4bc9434c8324: ms-python.vscode-pylance
[2021-06-16 14:00:30.526] [sharedprocess] [info] Renamed to /home/user/.vscode-insiders/extensions/ms-python.vscode-pylance-2021.6.1
[2021-06-16 14:00:30.528] [sharedprocess] [info] Installation completed. ms-python.vscode-pylance
[2021-06-16 14:00:30.617] [sharedprocess] [info] Extensions installed successfully: ms-python.vscode-pylance
[2021-06-16 14:00:31.425] [sharedprocess] [info] Extracted extension to /home/user/.vscode-insiders/extensions/.b81ea27b-1f29-4c73-b5f9-6b498a7760a3: ms-toolsai.jupyter
[2021-06-16 14:00:31.432] [sharedprocess] [info] Renamed to /home/user/.vscode-insiders/extensions/ms-toolsai.jupyter-2021.7.935223353
[2021-06-16 14:00:31.436] [sharedprocess] [info] Installation completed. ms-toolsai.jupyter
[2021-06-16 14:00:31.445] [sharedprocess] [info] Extensions installed successfully: ms-toolsai.jupyter
[2021-06-16 14:00:31.450] [sharedprocess] [info] Extensions installed successfully: ms-python.python
[2021-06-16 14:03:15.377] [sharedprocess] [info] Installing the extension: ms-python.python
[2021-06-16 14:03:17.699] [sharedprocess] [info] Installing the extension: ms-python.vscode-pylance
[2021-06-16 14:03:18.544] [sharedprocess] [info] Extracted extension to /home/user/.vscode-insiders/extensions/.78a6aaee-53ea-4157-88dc-ac77d32e12f1: ms-python.python
[2021-06-16 14:03:18.560] [sharedprocess] [info] Renamed to /home/user/.vscode-insiders/extensions/ms-python.python-2021.7.922878407-dev
[2021-06-16 14:03:18.565] [sharedprocess] [info] Installation completed. ms-python.python
[2021-06-16 14:03:18.627] [sharedprocess] [info] Successfully installed the extension: ms-python.python
[2021-06-16 14:03:20.369] [sharedprocess] [info] Extracted extension to /home/user/.vscode-insiders/extensions/.0f3d316a-3539-4b27-941b-c89ddc186bbd: ms-python.vscode-pylance
[2021-06-16 14:03:20.380] [sharedprocess] [info] Renamed to /home/user/.vscode-insiders/extensions/ms-python.vscode-pylance-2021.6.2-pre.1
[2021-06-16 14:03:20.381] [sharedprocess] [info] Installation completed. ms-python.vscode-pylance
[2021-06-16 14:03:20.447] [sharedprocess] [info] Successfully installed the extension: ms-python.vscode-pylance
[2021-06-16 14:16:02.447] [sharedprocess] [info] Installing extension: jannisx11.batch-rename-extension
[2021-06-16 14:16:04.168] [sharedprocess] [info] Downloaded extension: jannisx11.batch-rename-extension /home/user/.config/Code - Insiders/CachedExtensionVSIXs/jannisx11.batch-rename-extension-0.0.4
[2021-06-16 14:16:04.304] [sharedprocess] [info] Extracted extension to /home/user/.vscode-insiders/extensions/.42bed6a2-9750-48fe-a974-f6c18d0983e2: jannisx11.batch-rename-extension
[2021-06-16 14:16:04.310] [sharedprocess] [info] Renamed to /home/user/.vscode-insiders/extensions/jannisx11.batch-rename-extension-0.0.4
[2021-06-16 14:16:04.311] [sharedprocess] [info] Installation completed. jannisx11.batch-rename-extension
[2021-06-16 14:16:04.314] [sharedprocess] [info] Extensions installed successfully: jannisx11.batch-rename-extension
[2021-06-16 14:16:06.549] [sharedprocess] [info] Installing extension: askia.askia-qexml-generator-extension
[2021-06-16 14:16:08.475] [sharedprocess] [info] Downloaded extension: askia.askia-qexml-generator-extension /home/user/.config/Code - Insiders/CachedExtensionVSIXs/askia.askia-qexml-generator-extension-1.0.1
[2021-06-16 14:16:08.672] [sharedprocess] [info] Extracted extension to /home/user/.vscode-insiders/extensions/.de1c29ff-1170-4f41-a997-21ec60267bc6: askia.askia-qexml-generator-extension
[2021-06-16 14:16:08.678] [sharedprocess] [info] Renamed to /home/user/.vscode-insiders/extensions/askia.askia-qexml-generator-extension-1.0.1
[2021-06-16 14:16:08.682] [sharedprocess] [info] Installation completed. askia.askia-qexml-generator-extension
[2021-06-16 14:16:08.706] [sharedprocess] [info] Extensions installed successfully: askia.askia-qexml-generator-extension
[2021-06-16 14:17:22.175] [sharedprocess] [info] Installing extension: dotjoshjohnson.xml
[2021-06-16 14:17:24.345] [sharedprocess] [info] Downloaded extension: dotjoshjohnson.xml /home/user/.config/Code - Insiders/CachedExtensionVSIXs/dotjoshjohnson.xml-2.5.1
[2021-06-16 14:17:25.389] [sharedprocess] [info] Extracted extension to /home/user/.vscode-insiders/extensions/.387b50c4-9096-4b3d-a6a5-04681a4a13f8: dotjoshjohnson.xml
[2021-06-16 14:17:25.398] [sharedprocess] [info] Renamed to /home/user/.vscode-insiders/extensions/dotjoshjohnson.xml-2.5.1
[2021-06-16 14:17:25.402] [sharedprocess] [info] Installation completed. dotjoshjohnson.xml
[2021-06-16 14:17:25.414] [sharedprocess] [info] Extensions installed successfully: dotjoshjohnson.xml
[2021-06-16 14:17:27.856] [sharedprocess] [info] Installing extension: editorconfig.editorconfig
[2021-06-16 14:17:29.721] [sharedprocess] [info] Downloaded extension: editorconfig.editorconfig /home/user/.config/Code - Insiders/CachedExtensionVSIXs/editorconfig.editorconfig-0.16.4
[2021-06-16 14:17:29.850] [sharedprocess] [info] Extracted extension to /home/user/.vscode-insiders/extensions/.7a61547c-7b38-4ef4-a2ab-dc08693aa878: editorconfig.editorconfig
[2021-06-16 14:17:29.855] [sharedprocess] [info] Renamed to /home/user/.vscode-insiders/extensions/editorconfig.editorconfig-0.16.4
[2021-06-16 14:17:29.857] [sharedprocess] [info] Installation completed. editorconfig.editorconfig
[2021-06-16 14:17:29.865] [sharedprocess] [info] Extensions installed successfully: editorconfig.editorconfig
[2021-06-16 14:17:32.374] [sharedprocess] [info] Installing extension: sidneys1.gitconfig
[2021-06-16 14:17:33.987] [sharedprocess] [info] Downloaded extension: sidneys1.gitconfig /home/user/.config/Code - Insiders/CachedExtensionVSIXs/sidneys1.gitconfig-2.0.1
[2021-06-16 14:17:34.037] [sharedprocess] [info] Extracted extension to /home/user/.vscode-insiders/extensions/.7c739c54-50c1-46aa-bea5-e14980a126ef: sidneys1.gitconfig
[2021-06-16 14:17:34.057] [sharedprocess] [info] Renamed to /home/user/.vscode-insiders/extensions/sidneys1.gitconfig-2.0.1
[2021-06-16 14:17:34.059] [sharedprocess] [info] Installation completed. sidneys1.gitconfig
[2021-06-16 14:17:34.070] [sharedprocess] [info] Extensions installed successfully: sidneys1.gitconfig
