[2021-06-16 10:15:52.727] [exthost] [info] extension host started
[2021-06-16 10:15:52.825] [exthost] [info] ExtensionService#_doActivateExtension vscode.microsoft-authentication {"startup":false,"extensionId":{"value":"vscode.microsoft-authentication","_lower":"vscode.microsoft-authentication"},"activationEvent":"onAuthenticationRequest:microsoft"}
[2021-06-16 10:15:52.825] [exthost] [info] ExtensionService#loadCommonJSModule file:///snap/code/66/usr/share/code/resources/app/extensions/microsoft-authentication/dist/extension.js
[2021-06-16 10:15:52.832] [exthost] [info] ExtensionService#_doActivateExtension vscode.debug-auto-launch {"startup":true,"extensionId":{"value":"vscode.debug-auto-launch","_lower":"vscode.debug-auto-launch"},"activationEvent":"*"}
[2021-06-16 10:15:52.832] [exthost] [info] ExtensionService#loadCommonJSModule file:///snap/code/66/usr/share/code/resources/app/extensions/debug-auto-launch/dist/extension
[2021-06-16 10:15:52.834] [exthost] [info] ExtensionService#_doActivateExtension vscode.git {"startup":true,"extensionId":{"value":"vscode.github","_lower":"vscode.github"},"activationEvent":"*"}
[2021-06-16 10:15:52.834] [exthost] [info] ExtensionService#loadCommonJSModule file:///snap/code/66/usr/share/code/resources/app/extensions/git/dist/main
[2021-06-16 10:15:52.902] [exthost] [info] ExtensionService#_doActivateExtension vscode.github {"startup":true,"extensionId":{"value":"vscode.github","_lower":"vscode.github"},"activationEvent":"*"}
[2021-06-16 10:15:52.902] [exthost] [info] ExtensionService#loadCommonJSModule file:///snap/code/66/usr/share/code/resources/app/extensions/github/dist/extension.js
[2021-06-16 10:15:52.920] [exthost] [info] ExtensionService#_doActivateExtension ms-vscode.js-debug {"startup":false,"extensionId":{"value":"ms-vscode.js-debug","_lower":"ms-vscode.js-debug"},"activationEvent":"onCommand:extension.js-debug.clearAutoAttachVariables"}
[2021-06-16 10:15:52.920] [exthost] [info] ExtensionService#loadCommonJSModule file:///snap/code/66/usr/share/code/resources/app/extensions/ms-vscode.js-debug/src/extension.js
[2021-06-16 10:15:53.022] [exthost] [info] eager extensions activated
[2021-06-16 10:15:53.032] [exthost] [info] ExtensionService#_doActivateExtension vscode.github-authentication {"startup":false,"extensionId":{"value":"vscode.github-authentication","_lower":"vscode.github-authentication"},"activationEvent":"onAuthenticationRequest:github"}
[2021-06-16 10:15:53.032] [exthost] [info] ExtensionService#loadCommonJSModule file:///snap/code/66/usr/share/code/resources/app/extensions/github-authentication/dist/extension.js
[2021-06-16 10:15:53.038] [exthost] [info] ExtensionService#_doActivateExtension vscode.emmet {"startup":false,"extensionId":{"value":"vscode.emmet","_lower":"vscode.emmet"},"activationEvent":"onStartupFinished"}
[2021-06-16 10:15:53.038] [exthost] [info] ExtensionService#loadCommonJSModule file:///snap/code/66/usr/share/code/resources/app/extensions/emmet/dist/node/emmetNodeMain
[2021-06-16 10:15:53.041] [exthost] [info] ExtensionService#_doActivateExtension vscode.merge-conflict {"startup":false,"extensionId":{"value":"vscode.merge-conflict","_lower":"vscode.merge-conflict"},"activationEvent":"onStartupFinished"}
[2021-06-16 10:15:53.042] [exthost] [info] ExtensionService#loadCommonJSModule file:///snap/code/66/usr/share/code/resources/app/extensions/merge-conflict/dist/mergeConflictMain
[2021-06-16 10:15:53.043] [exthost] [info] ExtensionService#_doActivateExtension vscode.testing-editor-contributions {"startup":false,"extensionId":{"value":"vscode.testing-editor-contributions","_lower":"vscode.testing-editor-contributions"},"activationEvent":"onStartupFinished"}
[2021-06-16 10:15:53.043] [exthost] [info] ExtensionService#loadCommonJSModule file:///snap/code/66/usr/share/code/resources/app/extensions/testing-editor-contributions/dist/extension.js
[2021-06-16 10:16:01.494] [exthost] [info] extension host terminating: renderer closed the socket
[2021-06-16 10:16:02.503] [exthost] [info] exiting with code 0
