[2021-06-17 11:33:45.303] [sharedprocess] [info] Deleted from disk ms-python.vscode-pylance /home/user/.vscode-insiders/extensions/ms-python.vscode-pylance-2021.6.1
[2021-06-17 11:33:45.391] [sharedprocess] [info] Deleted from disk ms-python.python /home/user/.vscode-insiders/extensions/ms-python.python-2021.5.926500501
[2021-06-17 11:33:47.306] [sharedprocess] [info] Installing extension: ms-python.vscode-pylance
[2021-06-17 11:33:47.307] [sharedprocess] [info] Installing extension: ms-toolsai.jupyter
[2021-06-17 11:33:53.879] [sharedprocess] [info] [logs cleanup]: Starting to clean up old logs.
[2021-06-17 11:34:00.815] [sharedprocess] [info] Downloaded extension: ms-python.vscode-pylance /home/user/.config/Code - Insiders/CachedExtensionVSIXs/ms-python.vscode-pylance-2021.6.2
[2021-06-17 11:34:03.737] [sharedprocess] [info] Extracted extension to /home/user/.vscode-insiders/extensions/.43ab7b1c-a985-46b8-a000-de263dcc5b23: ms-python.vscode-pylance
[2021-06-17 11:34:03.742] [sharedprocess] [info] Renamed to /home/user/.vscode-insiders/extensions/ms-python.vscode-pylance-2021.6.2
[2021-06-17 11:34:03.744] [sharedprocess] [info] Installation completed. ms-python.vscode-pylance
[2021-06-17 11:34:03.814] [sharedprocess] [info] Extensions installed successfully: ms-python.vscode-pylance
[2021-06-17 11:34:04.342] [sharedprocess] [info] Downloaded extension: ms-toolsai.jupyter /home/user/.config/Code - Insiders/CachedExtensionVSIXs/ms-toolsai.jupyter-2021.7.942275039
[2021-06-17 11:34:05.212] [sharedprocess] [info] Extracted extension to /home/user/.vscode-insiders/extensions/.2fa818b8-e69c-4364-b270-df59c51e5663: ms-toolsai.jupyter
[2021-06-17 11:34:05.219] [sharedprocess] [info] Renamed to /home/user/.vscode-insiders/extensions/ms-toolsai.jupyter-2021.7.942275039
[2021-06-17 11:34:05.222] [sharedprocess] [info] Installation completed. ms-toolsai.jupyter
[2021-06-17 11:34:05.230] [sharedprocess] [info] Extensions installed successfully: ms-toolsai.jupyter
[2021-06-17 11:34:13.889] [sharedprocess] [info] [code cache cleanup]: Starting to clean up old code cache folders.
[2021-06-17 11:34:13.890] [sharedprocess] [info] [storage cleanup]: Starting to clean up storage folders.
[2021-06-17 11:34:13.894] [sharedprocess] [info] [storage cleanup]: Deleting storage folder 1623832051424.
[2021-06-17 11:34:23.891] [sharedprocess] [info] [language pack cache cleanup]: Starting to clean up unused language packs.
[2021-06-17 17:18:06.536] [sharedprocess] [warning] Resolved variables received without matching request 71
[2021-06-17 17:18:06.559] [sharedprocess] [warning] Resolved variables received without matching request 72
[2021-06-17 17:18:06.559] [sharedprocess] [warning] Resolved variables received without matching request 73
[2021-06-17 17:18:06.559] [sharedprocess] [warning] Resolved variables received without matching request 74
[2021-06-17 17:18:06.559] [sharedprocess] [warning] Resolved variables received without matching request 75
[2021-06-17 17:18:08.129] [sharedprocess] [info] Installing extension: ms-toolsai.jupyter
[2021-06-17 17:18:08.525] [sharedprocess] [warning] Resolved variables received without matching request 76
[2021-06-17 17:18:08.533] [sharedprocess] [warning] Resolved variables received without matching request 77
[2021-06-17 17:18:08.544] [sharedprocess] [warning] Resolved variables received without matching request 78
[2021-06-17 17:18:08.554] [sharedprocess] [warning] Resolved variables received without matching request 79
[2021-06-17 17:18:08.566] [sharedprocess] [warning] Resolved variables received without matching request 80
[2021-06-17 17:18:16.945] [sharedprocess] [info] Downloaded extension: ms-toolsai.jupyter /home/user/.config/Code - Insiders/CachedExtensionVSIXs/ms-toolsai.jupyter-2021.7.945818462
[2021-06-17 17:18:17.732] [sharedprocess] [info] Extracted extension to /home/user/.vscode-insiders/extensions/.65ae00cb-bc7a-4a4f-bb93-e5b7acac2c7d: ms-toolsai.jupyter
[2021-06-17 17:18:17.738] [sharedprocess] [info] Renamed to /home/user/.vscode-insiders/extensions/ms-toolsai.jupyter-2021.7.945818462
[2021-06-17 17:18:17.741] [sharedprocess] [info] Installation completed. ms-toolsai.jupyter
[2021-06-17 17:18:17.750] [sharedprocess] [info] Extensions installed successfully: ms-toolsai.jupyter
[2021-06-17 17:20:15.883] [sharedprocess] [warning] Resolved variables received without matching request 81
[2021-06-17 17:20:15.896] [sharedprocess] [warning] Resolved variables received without matching request 82
[2021-06-17 17:20:15.900] [sharedprocess] [warning] Resolved variables received without matching request 83
[2021-06-17 17:20:15.901] [sharedprocess] [warning] Resolved variables received without matching request 84
[2021-06-17 17:20:15.903] [sharedprocess] [warning] Resolved variables received without matching request 85
[2021-06-17 17:20:17.797] [sharedprocess] [warning] Resolved variables received without matching request 86
[2021-06-17 17:20:17.797] [sharedprocess] [warning] Resolved variables received without matching request 87
[2021-06-17 17:20:17.797] [sharedprocess] [warning] Resolved variables received without matching request 88
[2021-06-17 17:20:17.798] [sharedprocess] [warning] Resolved variables received without matching request 89
[2021-06-17 17:20:17.815] [sharedprocess] [warning] Resolved variables received without matching request 90
[2021-06-17 17:20:19.780] [sharedprocess] [warning] Resolved variables received without matching request 91
[2021-06-17 17:20:19.791] [sharedprocess] [warning] Resolved variables received without matching request 92
[2021-06-17 17:20:19.806] [sharedprocess] [warning] Resolved variables received without matching request 93
[2021-06-17 17:20:19.814] [sharedprocess] [warning] Resolved variables received without matching request 94
[2021-06-17 17:20:19.818] [sharedprocess] [warning] Resolved variables received without matching request 95
[2021-06-17 17:22:15.552] [sharedprocess] [info] Installing the extension: ms-python.vscode-pylance
[2021-06-17 17:22:17.792] [sharedprocess] [info] Extracted extension to /home/user/.vscode-insiders/extensions/.a1fb574c-da81-40a6-99c1-84e560de20f3: ms-python.vscode-pylance
[2021-06-17 17:22:17.802] [sharedprocess] [info] Renamed to /home/user/.vscode-insiders/extensions/ms-python.vscode-pylance-2021.6.3-pre.1
[2021-06-17 17:22:17.804] [sharedprocess] [info] Installation completed. ms-python.vscode-pylance
[2021-06-17 17:22:17.870] [sharedprocess] [info] Successfully installed the extension: ms-python.vscode-pylance
[2021-06-17 17:22:19.981] [sharedprocess] [info] Deleted from disk ms-python.python /home/user/.vscode-insiders/extensions/ms-python.python-2021.7.922878407-dev
[2021-06-17 17:22:19.981] [sharedprocess] [info] Installing the extension: ms-python.python
[2021-06-17 17:22:22.489] [sharedprocess] [info] Extracted extension to /home/user/.vscode-insiders/extensions/.8f524f80-26d9-4c1e-9d00-4d7c2333c489: ms-python.python
[2021-06-17 17:22:22.512] [sharedprocess] [info] Renamed to /home/user/.vscode-insiders/extensions/ms-python.python-2021.7.922878407-dev
[2021-06-17 17:22:22.517] [sharedprocess] [info] Installation completed. ms-python.python
[2021-06-17 17:22:22.531] [sharedprocess] [info] Successfully installed the extension: ms-python.python
[2021-06-17 17:22:34.435] [sharedprocess] [warning] Resolved variables received without matching request 96
[2021-06-17 17:22:34.437] [sharedprocess] [warning] Resolved variables received without matching request 97
[2021-06-17 17:22:34.442] [sharedprocess] [warning] Resolved variables received without matching request 98
[2021-06-17 17:22:34.446] [sharedprocess] [warning] Resolved variables received without matching request 99
[2021-06-17 17:22:34.449] [sharedprocess] [warning] Resolved variables received without matching request 100
[2021-06-17 17:22:35.581] [sharedprocess] [warning] Resolved variables received without matching request 101
[2021-06-17 17:22:35.800] [sharedprocess] [warning] Resolved variables received without matching request 102
[2021-06-17 17:22:35.802] [sharedprocess] [warning] Resolved variables received without matching request 103
[2021-06-17 17:22:35.811] [sharedprocess] [warning] Resolved variables received without matching request 104
[2021-06-17 17:22:35.848] [sharedprocess] [warning] Resolved variables received without matching request 105
[2021-06-17 17:22:37.172] [sharedprocess] [warning] Resolved variables received without matching request 106
[2021-06-17 17:22:37.178] [sharedprocess] [warning] Resolved variables received without matching request 107
[2021-06-17 17:22:37.181] [sharedprocess] [warning] Resolved variables received without matching request 108
[2021-06-17 17:22:37.191] [sharedprocess] [warning] Resolved variables received without matching request 109
[2021-06-17 17:22:37.194] [sharedprocess] [warning] Resolved variables received without matching request 110
[2021-06-17 17:22:39.174] [sharedprocess] [warning] Resolved variables received without matching request 111
[2021-06-17 17:22:39.186] [sharedprocess] [warning] Resolved variables received without matching request 112
[2021-06-17 17:22:39.202] [sharedprocess] [warning] Resolved variables received without matching request 113
[2021-06-17 17:22:39.203] [sharedprocess] [warning] Resolved variables received without matching request 114
[2021-06-17 17:22:39.209] [sharedprocess] [warning] Resolved variables received without matching request 115
[2021-06-17 17:22:44.685] [sharedprocess] [warning] Resolved variables received without matching request 116
[2021-06-17 17:22:44.708] [sharedprocess] [warning] Resolved variables received without matching request 117
[2021-06-17 17:22:44.710] [sharedprocess] [warning] Resolved variables received without matching request 118
[2021-06-17 17:22:44.711] [sharedprocess] [warning] Resolved variables received without matching request 119
[2021-06-17 17:22:44.711] [sharedprocess] [warning] Resolved variables received without matching request 120
[2021-06-17 17:22:46.709] [sharedprocess] [warning] Resolved variables received without matching request 121
[2021-06-17 17:22:46.711] [sharedprocess] [warning] Resolved variables received without matching request 122
[2021-06-17 17:22:46.736] [sharedprocess] [warning] Resolved variables received without matching request 123
[2021-06-17 17:22:46.740] [sharedprocess] [warning] Resolved variables received without matching request 124
[2021-06-17 17:22:46.740] [sharedprocess] [warning] Resolved variables received without matching request 125
[2021-06-17 17:22:48.704] [sharedprocess] [warning] Resolved variables received without matching request 126
[2021-06-17 17:22:48.716] [sharedprocess] [warning] Resolved variables received without matching request 127
[2021-06-17 17:22:48.718] [sharedprocess] [warning] Resolved variables received without matching request 128
[2021-06-17 17:22:48.719] [sharedprocess] [warning] Resolved variables received without matching request 129
[2021-06-17 17:22:48.721] [sharedprocess] [warning] Resolved variables received without matching request 130
[2021-06-17 17:22:50.709] [sharedprocess] [warning] Resolved variables received without matching request 131
[2021-06-17 17:22:50.720] [sharedprocess] [warning] Resolved variables received without matching request 132
[2021-06-17 17:22:50.737] [sharedprocess] [warning] Resolved variables received without matching request 133
[2021-06-17 17:22:50.744] [sharedprocess] [warning] Resolved variables received without matching request 134
[2021-06-17 17:22:50.749] [sharedprocess] [warning] Resolved variables received without matching request 135
[2021-06-17 17:23:04.785] [sharedprocess] [warning] Resolved variables received without matching request 136
[2021-06-17 17:23:04.797] [sharedprocess] [warning] Resolved variables received without matching request 137
[2021-06-17 17:23:04.797] [sharedprocess] [warning] Resolved variables received without matching request 138
[2021-06-17 17:23:04.797] [sharedprocess] [warning] Resolved variables received without matching request 139
[2021-06-17 17:23:04.798] [sharedprocess] [warning] Resolved variables received without matching request 140
[2021-06-17 17:23:06.791] [sharedprocess] [warning] Resolved variables received without matching request 141
[2021-06-17 17:23:06.804] [sharedprocess] [warning] Resolved variables received without matching request 142
[2021-06-17 17:23:06.824] [sharedprocess] [warning] Resolved variables received without matching request 143
[2021-06-17 17:23:06.844] [sharedprocess] [warning] Resolved variables received without matching request 144
[2021-06-17 17:23:06.851] [sharedprocess] [warning] Resolved variables received without matching request 145
[2021-06-17 17:23:08.773] [sharedprocess] [warning] Resolved variables received without matching request 146
[2021-06-17 17:23:08.784] [sharedprocess] [warning] Resolved variables received without matching request 147
[2021-06-17 17:23:08.798] [sharedprocess] [warning] Resolved variables received without matching request 148
[2021-06-17 17:23:08.817] [sharedprocess] [warning] Resolved variables received without matching request 149
[2021-06-17 17:23:08.828] [sharedprocess] [warning] Resolved variables received without matching request 150
[2021-06-17 17:26:47.997] [sharedprocess] [warning] Resolved variables received without matching request 151
[2021-06-17 17:26:47.997] [sharedprocess] [warning] Resolved variables received without matching request 152
[2021-06-17 17:26:47.998] [sharedprocess] [warning] Resolved variables received without matching request 153
[2021-06-17 17:26:47.999] [sharedprocess] [warning] Resolved variables received without matching request 154
[2021-06-17 17:26:47.999] [sharedprocess] [warning] Resolved variables received without matching request 155
[2021-06-17 17:26:49.979] [sharedprocess] [warning] Resolved variables received without matching request 156
[2021-06-17 17:26:49.981] [sharedprocess] [warning] Resolved variables received without matching request 157
[2021-06-17 17:26:49.984] [sharedprocess] [warning] Resolved variables received without matching request 158
[2021-06-17 17:26:49.989] [sharedprocess] [warning] Resolved variables received without matching request 159
[2021-06-17 17:26:49.992] [sharedprocess] [warning] Resolved variables received without matching request 160
[2021-06-17 17:26:51.986] [sharedprocess] [warning] Resolved variables received without matching request 161
[2021-06-17 17:26:51.997] [sharedprocess] [warning] Resolved variables received without matching request 162
[2021-06-17 17:26:52.012] [sharedprocess] [warning] Resolved variables received without matching request 163
[2021-06-17 17:26:52.027] [sharedprocess] [warning] Resolved variables received without matching request 164
[2021-06-17 17:26:52.041] [sharedprocess] [warning] Resolved variables received without matching request 165
[2021-06-17 17:27:01.119] [sharedprocess] [warning] Resolved variables received without matching request 166
[2021-06-17 17:27:01.120] [sharedprocess] [warning] Resolved variables received without matching request 167
[2021-06-17 17:27:01.121] [sharedprocess] [warning] Resolved variables received without matching request 168
[2021-06-17 17:27:01.122] [sharedprocess] [warning] Resolved variables received without matching request 169
[2021-06-17 17:27:01.123] [sharedprocess] [warning] Resolved variables received without matching request 170
[2021-06-17 17:27:03.105] [sharedprocess] [warning] Resolved variables received without matching request 171
[2021-06-17 17:27:03.119] [sharedprocess] [warning] Resolved variables received without matching request 172
[2021-06-17 17:27:03.121] [sharedprocess] [warning] Resolved variables received without matching request 173
[2021-06-17 17:27:03.123] [sharedprocess] [warning] Resolved variables received without matching request 174
[2021-06-17 17:27:03.126] [sharedprocess] [warning] Resolved variables received without matching request 175
[2021-06-17 17:27:36.692] [sharedprocess] [warning] Resolved variables received without matching request 176
[2021-06-17 17:27:36.710] [sharedprocess] [warning] Resolved variables received without matching request 177
[2021-06-17 17:27:36.710] [sharedprocess] [warning] Resolved variables received without matching request 178
[2021-06-17 17:27:36.711] [sharedprocess] [warning] Resolved variables received without matching request 179
[2021-06-17 17:27:36.711] [sharedprocess] [warning] Resolved variables received without matching request 180
[2021-06-17 17:27:38.565] [sharedprocess] [warning] Resolved variables received without matching request 181
[2021-06-17 17:27:38.569] [sharedprocess] [warning] Resolved variables received without matching request 182
[2021-06-17 17:27:38.577] [sharedprocess] [warning] Resolved variables received without matching request 183
[2021-06-17 17:27:38.581] [sharedprocess] [warning] Resolved variables received without matching request 184
[2021-06-17 17:27:38.586] [sharedprocess] [warning] Resolved variables received without matching request 185
[2021-06-17 17:35:55.957] [sharedprocess] [warning] Resolved variables received without matching request 186
[2021-06-17 17:35:55.958] [sharedprocess] [warning] Resolved variables received without matching request 187
[2021-06-17 17:35:55.958] [sharedprocess] [warning] Resolved variables received without matching request 188
[2021-06-17 17:35:55.959] [sharedprocess] [warning] Resolved variables received without matching request 189
[2021-06-17 17:35:55.959] [sharedprocess] [warning] Resolved variables received without matching request 190
[2021-06-17 17:35:57.949] [sharedprocess] [warning] Resolved variables received without matching request 191
[2021-06-17 17:35:57.969] [sharedprocess] [warning] Resolved variables received without matching request 192
[2021-06-17 17:35:57.987] [sharedprocess] [warning] Resolved variables received without matching request 193
[2021-06-17 17:35:58.003] [sharedprocess] [warning] Resolved variables received without matching request 194
[2021-06-17 17:35:58.020] [sharedprocess] [warning] Resolved variables received without matching request 195
[2021-06-17 17:36:02.762] [sharedprocess] [warning] Resolved variables received without matching request 196
[2021-06-17 17:36:02.765] [sharedprocess] [warning] Resolved variables received without matching request 197
[2021-06-17 17:36:02.769] [sharedprocess] [warning] Resolved variables received without matching request 198
[2021-06-17 17:36:02.770] [sharedprocess] [warning] Resolved variables received without matching request 199
[2021-06-17 17:36:02.787] [sharedprocess] [warning] Resolved variables received without matching request 200
[2021-06-17 17:36:04.870] [sharedprocess] [warning] Resolved variables received without matching request 201
[2021-06-17 17:36:04.870] [sharedprocess] [warning] Resolved variables received without matching request 202
[2021-06-17 17:36:04.871] [sharedprocess] [warning] Resolved variables received without matching request 203
[2021-06-17 17:36:04.872] [sharedprocess] [warning] Resolved variables received without matching request 204
[2021-06-17 17:36:04.872] [sharedprocess] [warning] Resolved variables received without matching request 205
[2021-06-17 17:36:06.863] [sharedprocess] [warning] Resolved variables received without matching request 206
[2021-06-17 17:36:06.874] [sharedprocess] [warning] Resolved variables received without matching request 207
[2021-06-17 17:36:06.893] [sharedprocess] [warning] Resolved variables received without matching request 208
[2021-06-17 17:36:06.909] [sharedprocess] [warning] Resolved variables received without matching request 209
[2021-06-17 17:36:06.927] [sharedprocess] [warning] Resolved variables received without matching request 210
[2021-06-17 17:36:11.492] [sharedprocess] [warning] Resolved variables received without matching request 211
[2021-06-17 17:36:11.498] [sharedprocess] [warning] Resolved variables received without matching request 212
[2021-06-17 17:36:11.498] [sharedprocess] [warning] Resolved variables received without matching request 213
[2021-06-17 17:36:11.498] [sharedprocess] [warning] Resolved variables received without matching request 214
[2021-06-17 17:36:11.499] [sharedprocess] [warning] Resolved variables received without matching request 215
[2021-06-17 17:36:13.503] [sharedprocess] [warning] Resolved variables received without matching request 216
[2021-06-17 17:36:13.505] [sharedprocess] [warning] Resolved variables received without matching request 217
[2021-06-17 17:36:13.505] [sharedprocess] [warning] Resolved variables received without matching request 218
[2021-06-17 17:36:13.506] [sharedprocess] [warning] Resolved variables received without matching request 219
[2021-06-17 17:36:13.508] [sharedprocess] [warning] Resolved variables received without matching request 220
[2021-06-17 17:36:15.492] [sharedprocess] [warning] Resolved variables received without matching request 221
[2021-06-17 17:36:15.502] [sharedprocess] [warning] Resolved variables received without matching request 222
[2021-06-17 17:36:15.520] [sharedprocess] [warning] Resolved variables received without matching request 223
[2021-06-17 17:36:15.532] [sharedprocess] [warning] Resolved variables received without matching request 224
[2021-06-17 17:36:15.543] [sharedprocess] [warning] Resolved variables received without matching request 225
[2021-06-17 17:37:46.592] [sharedprocess] [warning] Resolved variables received without matching request 226
[2021-06-17 17:37:46.593] [sharedprocess] [warning] Resolved variables received without matching request 227
[2021-06-17 17:37:46.593] [sharedprocess] [warning] Resolved variables received without matching request 228
[2021-06-17 17:37:46.594] [sharedprocess] [warning] Resolved variables received without matching request 229
[2021-06-17 17:37:46.596] [sharedprocess] [warning] Resolved variables received without matching request 230
[2021-06-17 17:37:48.642] [sharedprocess] [warning] Resolved variables received without matching request 231
[2021-06-17 17:37:48.643] [sharedprocess] [warning] Resolved variables received without matching request 232
[2021-06-17 17:37:48.646] [sharedprocess] [warning] Resolved variables received without matching request 233
[2021-06-17 17:37:48.652] [sharedprocess] [warning] Resolved variables received without matching request 234
[2021-06-17 17:37:48.652] [sharedprocess] [warning] Resolved variables received without matching request 235
[2021-06-17 17:37:50.648] [sharedprocess] [warning] Resolved variables received without matching request 236
[2021-06-17 17:37:50.658] [sharedprocess] [warning] Resolved variables received without matching request 237
[2021-06-17 17:37:50.673] [sharedprocess] [warning] Resolved variables received without matching request 238
[2021-06-17 17:37:50.684] [sharedprocess] [warning] Resolved variables received without matching request 239
[2021-06-17 17:37:50.691] [sharedprocess] [warning] Resolved variables received without matching request 240
[2021-06-17 17:41:22.229] [sharedprocess] [warning] Resolved variables received without matching request 241
[2021-06-17 17:41:22.231] [sharedprocess] [warning] Resolved variables received without matching request 242
[2021-06-17 17:41:22.232] [sharedprocess] [warning] Resolved variables received without matching request 243
[2021-06-17 17:41:22.233] [sharedprocess] [warning] Resolved variables received without matching request 244
[2021-06-17 17:41:22.234] [sharedprocess] [warning] Resolved variables received without matching request 245
[2021-06-17 17:41:24.238] [sharedprocess] [warning] Resolved variables received without matching request 246
[2021-06-17 17:41:24.239] [sharedprocess] [warning] Resolved variables received without matching request 247
[2021-06-17 17:41:24.263] [sharedprocess] [warning] Resolved variables received without matching request 248
[2021-06-17 17:41:24.272] [sharedprocess] [warning] Resolved variables received without matching request 249
[2021-06-17 17:41:24.273] [sharedprocess] [warning] Resolved variables received without matching request 250
[2021-06-17 17:41:26.240] [sharedprocess] [warning] Resolved variables received without matching request 251
[2021-06-17 17:41:26.252] [sharedprocess] [warning] Resolved variables received without matching request 252
[2021-06-17 17:41:26.268] [sharedprocess] [warning] Resolved variables received without matching request 253
[2021-06-17 17:41:26.276] [sharedprocess] [warning] Resolved variables received without matching request 254
[2021-06-17 17:41:26.280] [sharedprocess] [warning] Resolved variables received without matching request 255
[2021-06-17 17:41:47.270] [sharedprocess] [warning] Resolved variables received without matching request 256
[2021-06-17 17:41:47.290] [sharedprocess] [warning] Resolved variables received without matching request 257
[2021-06-17 17:41:47.290] [sharedprocess] [warning] Resolved variables received without matching request 258
[2021-06-17 17:41:47.291] [sharedprocess] [warning] Resolved variables received without matching request 259
[2021-06-17 17:41:47.302] [sharedprocess] [warning] Resolved variables received without matching request 260
[2021-06-17 17:41:49.262] [sharedprocess] [warning] Resolved variables received without matching request 261
[2021-06-17 17:41:49.278] [sharedprocess] [warning] Resolved variables received without matching request 262
[2021-06-17 17:41:49.298] [sharedprocess] [warning] Resolved variables received without matching request 263
[2021-06-17 17:41:49.306] [sharedprocess] [warning] Resolved variables received without matching request 264
[2021-06-17 17:41:49.311] [sharedprocess] [warning] Resolved variables received without matching request 265
[2021-06-17 17:41:51.259] [sharedprocess] [warning] Resolved variables received without matching request 266
[2021-06-17 17:41:51.271] [sharedprocess] [warning] Resolved variables received without matching request 267
[2021-06-17 17:41:51.287] [sharedprocess] [warning] Resolved variables received without matching request 268
[2021-06-17 17:41:51.300] [sharedprocess] [warning] Resolved variables received without matching request 269
[2021-06-17 17:41:51.312] [sharedprocess] [warning] Resolved variables received without matching request 270
[2021-06-17 17:47:50.541] [sharedprocess] [warning] Resolved variables received without matching request 271
[2021-06-17 17:47:50.563] [sharedprocess] [warning] Resolved variables received without matching request 272
[2021-06-17 17:47:50.564] [sharedprocess] [warning] Resolved variables received without matching request 273
[2021-06-17 17:47:50.564] [sharedprocess] [warning] Resolved variables received without matching request 274
[2021-06-17 17:47:50.565] [sharedprocess] [warning] Resolved variables received without matching request 275
[2021-06-17 17:47:52.510] [sharedprocess] [warning] Resolved variables received without matching request 276
[2021-06-17 17:47:52.525] [sharedprocess] [warning] Resolved variables received without matching request 277
[2021-06-17 17:47:52.539] [sharedprocess] [warning] Resolved variables received without matching request 278
[2021-06-17 17:47:52.579] [sharedprocess] [warning] Resolved variables received without matching request 279
[2021-06-17 17:47:52.582] [sharedprocess] [warning] Resolved variables received without matching request 280
[2021-06-17 17:47:54.507] [sharedprocess] [warning] Resolved variables received without matching request 281
[2021-06-17 17:47:54.518] [sharedprocess] [warning] Resolved variables received without matching request 282
[2021-06-17 17:47:54.532] [sharedprocess] [warning] Resolved variables received without matching request 283
[2021-06-17 17:47:54.544] [sharedprocess] [warning] Resolved variables received without matching request 284
[2021-06-17 17:47:54.549] [sharedprocess] [warning] Resolved variables received without matching request 285
[2021-06-17 17:57:31.510] [sharedprocess] [warning] Resolved variables received without matching request 286
[2021-06-17 17:57:31.525] [sharedprocess] [warning] Resolved variables received without matching request 287
[2021-06-17 17:57:31.526] [sharedprocess] [warning] Resolved variables received without matching request 288
[2021-06-17 17:57:31.526] [sharedprocess] [warning] Resolved variables received without matching request 289
[2021-06-17 17:57:31.526] [sharedprocess] [warning] Resolved variables received without matching request 290
[2021-06-17 17:57:33.491] [sharedprocess] [warning] Resolved variables received without matching request 291
[2021-06-17 17:57:33.499] [sharedprocess] [warning] Resolved variables received without matching request 292
[2021-06-17 17:57:33.505] [sharedprocess] [warning] Resolved variables received without matching request 293
[2021-06-17 17:57:33.513] [sharedprocess] [warning] Resolved variables received without matching request 294
[2021-06-17 17:57:33.519] [sharedprocess] [warning] Resolved variables received without matching request 295
[2021-06-17 17:57:35.470] [sharedprocess] [warning] Resolved variables received without matching request 296
[2021-06-17 17:57:35.481] [sharedprocess] [warning] Resolved variables received without matching request 297
[2021-06-17 17:57:35.497] [sharedprocess] [warning] Resolved variables received without matching request 298
[2021-06-17 17:57:35.511] [sharedprocess] [warning] Resolved variables received without matching request 299
[2021-06-17 17:57:35.523] [sharedprocess] [warning] Resolved variables received without matching request 300
[2021-06-17 18:00:22.516] [sharedprocess] [warning] Resolved variables received without matching request 301
[2021-06-17 18:00:22.517] [sharedprocess] [warning] Resolved variables received without matching request 302
[2021-06-17 18:00:22.517] [sharedprocess] [warning] Resolved variables received without matching request 303
[2021-06-17 18:00:22.518] [sharedprocess] [warning] Resolved variables received without matching request 304
[2021-06-17 18:00:22.519] [sharedprocess] [warning] Resolved variables received without matching request 305
[2021-06-17 18:00:24.485] [sharedprocess] [warning] Resolved variables received without matching request 306
[2021-06-17 18:00:24.504] [sharedprocess] [warning] Resolved variables received without matching request 307
[2021-06-17 18:00:24.522] [sharedprocess] [warning] Resolved variables received without matching request 308
[2021-06-17 18:00:24.535] [sharedprocess] [warning] Resolved variables received without matching request 309
[2021-06-17 18:00:24.542] [sharedprocess] [warning] Resolved variables received without matching request 310
[2021-06-17 18:00:26.483] [sharedprocess] [warning] Resolved variables received without matching request 311
[2021-06-17 18:00:26.494] [sharedprocess] [warning] Resolved variables received without matching request 312
[2021-06-17 18:00:26.512] [sharedprocess] [warning] Resolved variables received without matching request 313
[2021-06-17 18:00:26.528] [sharedprocess] [warning] Resolved variables received without matching request 314
[2021-06-17 18:00:26.549] [sharedprocess] [warning] Resolved variables received without matching request 315
[2021-06-17 18:54:11.767] [sharedprocess] [warning] Resolved variables received without matching request 316
[2021-06-17 18:54:11.789] [sharedprocess] [warning] Resolved variables received without matching request 317
[2021-06-17 18:54:11.791] [sharedprocess] [warning] Resolved variables received without matching request 318
[2021-06-17 18:54:11.793] [sharedprocess] [warning] Resolved variables received without matching request 319
[2021-06-17 18:54:11.795] [sharedprocess] [warning] Resolved variables received without matching request 320
[2021-06-17 18:54:13.693] [sharedprocess] [warning] Resolved variables received without matching request 321
[2021-06-17 18:54:13.694] [sharedprocess] [warning] Resolved variables received without matching request 322
[2021-06-17 18:54:13.697] [sharedprocess] [warning] Resolved variables received without matching request 323
[2021-06-17 18:54:13.701] [sharedprocess] [warning] Resolved variables received without matching request 324
[2021-06-17 18:54:13.704] [sharedprocess] [warning] Resolved variables received without matching request 325
[2021-06-17 18:59:47.960] [sharedprocess] [warning] Resolved variables received without matching request 326
[2021-06-17 18:59:47.961] [sharedprocess] [warning] Resolved variables received without matching request 327
[2021-06-17 18:59:47.975] [sharedprocess] [warning] Resolved variables received without matching request 328
[2021-06-17 18:59:47.976] [sharedprocess] [warning] Resolved variables received without matching request 329
[2021-06-17 18:59:47.977] [sharedprocess] [warning] Resolved variables received without matching request 330
[2021-06-17 18:59:49.960] [sharedprocess] [warning] Resolved variables received without matching request 331
[2021-06-17 18:59:49.972] [sharedprocess] [warning] Resolved variables received without matching request 332
[2021-06-17 18:59:49.990] [sharedprocess] [warning] Resolved variables received without matching request 333
[2021-06-17 18:59:50.008] [sharedprocess] [warning] Resolved variables received without matching request 334
[2021-06-17 18:59:50.033] [sharedprocess] [warning] Resolved variables received without matching request 335
[2021-06-17 18:59:51.958] [sharedprocess] [warning] Resolved variables received without matching request 336
[2021-06-17 18:59:51.978] [sharedprocess] [warning] Resolved variables received without matching request 337
[2021-06-17 18:59:51.987] [sharedprocess] [warning] Resolved variables received without matching request 338
[2021-06-17 18:59:51.991] [sharedprocess] [warning] Resolved variables received without matching request 339
[2021-06-17 18:59:51.996] [sharedprocess] [warning] Resolved variables received without matching request 340
[2021-06-17 18:59:53.960] [sharedprocess] [warning] Resolved variables received without matching request 341
[2021-06-17 18:59:53.972] [sharedprocess] [warning] Resolved variables received without matching request 342
[2021-06-17 18:59:53.988] [sharedprocess] [warning] Resolved variables received without matching request 343
[2021-06-17 18:59:54.006] [sharedprocess] [warning] Resolved variables received without matching request 344
[2021-06-17 18:59:54.023] [sharedprocess] [warning] Resolved variables received without matching request 345
[2021-06-17 18:59:55.962] [sharedprocess] [warning] Resolved variables received without matching request 346
[2021-06-17 18:59:55.974] [sharedprocess] [warning] Resolved variables received without matching request 347
[2021-06-17 18:59:55.993] [sharedprocess] [warning] Resolved variables received without matching request 348
[2021-06-17 18:59:56.012] [sharedprocess] [warning] Resolved variables received without matching request 349
[2021-06-17 18:59:56.043] [sharedprocess] [warning] Resolved variables received without matching request 350
