[2021-06-17 17:18:06.496] [exthost] [info] extension host started
[2021-06-17 17:18:06.549] [exthost] [info] ExtensionService#_doActivateExtension vscode.microsoft-authentication {"startup":false,"extensionId":{"value":"vscode.microsoft-authentication","_lower":"vscode.microsoft-authentication"},"activationEvent":"onAuthenticationRequest:microsoft"}
[2021-06-17 17:18:06.550] [exthost] [info] ExtensionService#loadCommonJSModule file:///usr/share/code-insiders/resources/app/extensions/microsoft-authentication/dist/extension.js
[2021-06-17 17:18:06.563] [exthost] [info] ExtensionService#_doActivateExtension vscode.debug-auto-launch {"startup":true,"extensionId":{"value":"vscode.debug-auto-launch","_lower":"vscode.debug-auto-launch"},"activationEvent":"*"}
[2021-06-17 17:18:06.563] [exthost] [info] ExtensionService#loadCommonJSModule file:///usr/share/code-insiders/resources/app/extensions/debug-auto-launch/dist/extension
[2021-06-17 17:18:06.565] [exthost] [info] ExtensionService#_doActivateExtension vscode.git {"startup":true,"extensionId":{"value":"vscode.github","_lower":"vscode.github"},"activationEvent":"*"}
[2021-06-17 17:18:06.565] [exthost] [info] ExtensionService#loadCommonJSModule file:///usr/share/code-insiders/resources/app/extensions/git/dist/main
[2021-06-17 17:18:06.589] [exthost] [info] ExtensionService#_doActivateExtension EditorConfig.EditorConfig {"startup":true,"extensionId":{"value":"EditorConfig.EditorConfig","_lower":"editorconfig.editorconfig"},"activationEvent":"*"}
[2021-06-17 17:18:06.589] [exthost] [info] ExtensionService#loadCommonJSModule file:///home/user/.vscode-insiders/extensions/editorconfig.editorconfig-0.16.4/out/editorConfigMain.js
[2021-06-17 17:18:06.689] [exthost] [info] ExtensionService#_doActivateExtension vscode.github {"startup":true,"extensionId":{"value":"vscode.github","_lower":"vscode.github"},"activationEvent":"*"}
[2021-06-17 17:18:06.689] [exthost] [info] ExtensionService#loadCommonJSModule file:///usr/share/code-insiders/resources/app/extensions/github/dist/extension.js
[2021-06-17 17:18:06.713] [exthost] [info] eager extensions activated
[2021-06-17 17:18:06.715] [exthost] [info] ExtensionService#_doActivateExtension ms-vscode.js-debug {"startup":false,"extensionId":{"value":"ms-vscode.js-debug","_lower":"ms-vscode.js-debug"},"activationEvent":"onCommand:extension.js-debug.clearAutoAttachVariables"}
[2021-06-17 17:18:06.715] [exthost] [info] ExtensionService#loadCommonJSModule file:///usr/share/code-insiders/resources/app/extensions/ms-vscode.js-debug/src/extension.js
[2021-06-17 17:18:06.799] [exthost] [info] ExtensionService#_doActivateExtension vscode.emmet {"startup":false,"extensionId":{"value":"vscode.emmet","_lower":"vscode.emmet"},"activationEvent":"onStartupFinished"}
[2021-06-17 17:18:06.799] [exthost] [info] ExtensionService#loadCommonJSModule file:///usr/share/code-insiders/resources/app/extensions/emmet/dist/node/emmetNodeMain
[2021-06-17 17:18:06.803] [exthost] [info] ExtensionService#_doActivateExtension vscode.merge-conflict {"startup":false,"extensionId":{"value":"vscode.merge-conflict","_lower":"vscode.merge-conflict"},"activationEvent":"onStartupFinished"}
[2021-06-17 17:18:06.803] [exthost] [info] ExtensionService#loadCommonJSModule file:///usr/share/code-insiders/resources/app/extensions/merge-conflict/dist/mergeConflictMain
[2021-06-17 17:18:06.804] [exthost] [info] ExtensionService#_doActivateExtension vscode.testing-editor-contributions {"startup":false,"extensionId":{"value":"vscode.testing-editor-contributions","_lower":"vscode.testing-editor-contributions"},"activationEvent":"onStartupFinished"}
[2021-06-17 17:18:06.804] [exthost] [info] ExtensionService#loadCommonJSModule file:///usr/share/code-insiders/resources/app/extensions/testing-editor-contributions/dist/extension.js
[2021-06-17 17:18:06.835] [exthost] [info] ExtensionService#_doActivateExtension vscode.github-authentication {"startup":false,"extensionId":{"value":"vscode.github-authentication","_lower":"vscode.github-authentication"},"activationEvent":"onAuthenticationRequest:github"}
[2021-06-17 17:18:06.835] [exthost] [info] ExtensionService#loadCommonJSModule file:///usr/share/code-insiders/resources/app/extensions/github-authentication/dist/extension.js
[2021-06-17 17:20:12.101] [exthost] [info] ExtensionService#_doActivateExtension ms-python.python {"startup":false,"extensionId":{"value":"ms-python.vscode-pylance","_lower":"ms-python.vscode-pylance"},"activationEvent":"onLanguage:python"}
[2021-06-17 17:20:12.101] [exthost] [info] ExtensionService#loadCommonJSModule file:///home/user/.vscode-insiders/extensions/ms-python.python-2021.7.922878407-dev/out/client/extension
[2021-06-17 17:20:12.287] [exthost] [info] ExtensionService#_doActivateExtension ms-toolsai.jupyter {"startup":false,"extensionId":{"value":"ms-toolsai.jupyter","_lower":"ms-toolsai.jupyter"},"activationEvent":"onLanguage:python"}
[2021-06-17 17:20:12.287] [exthost] [info] ExtensionService#loadCommonJSModule file:///home/user/.vscode-insiders/extensions/ms-toolsai.jupyter-2021.7.942275039/out/client/extension
[2021-06-17 17:20:12.715] [exthost] [info] ExtensionService#_doActivateExtension vscode.debug-server-ready {"startup":false,"extensionId":{"value":"vscode.debug-server-ready","_lower":"vscode.debug-server-ready"},"activationEvent":"onDebugResolve"}
[2021-06-17 17:20:12.715] [exthost] [info] ExtensionService#loadCommonJSModule file:///usr/share/code-insiders/resources/app/extensions/debug-server-ready/dist/extension
[2021-06-17 17:20:13.391] [exthost] [info] ExtensionService#_doActivateExtension ms-python.vscode-pylance {"startup":false,"extensionId":{"value":"ms-python.vscode-pylance","_lower":"ms-python.vscode-pylance"},"activationEvent":"onLanguage:python"}
[2021-06-17 17:20:13.391] [exthost] [info] ExtensionService#loadCommonJSModule file:///home/user/.vscode-insiders/extensions/ms-python.vscode-pylance-2021.6.2/dist/extension.bundle.js
[2021-06-17 17:22:34.391] [exthost] [info] extension host terminating: renderer closed the socket
[2021-06-17 17:22:35.414] [exthost] [info] exiting with code 0
[2021-06-17 17:22:36.289] [exthost] [info] extension host started
[2021-06-17 17:22:36.408] [exthost] [info] ExtensionService#_doActivateExtension vscode.microsoft-authentication {"startup":false,"extensionId":{"value":"vscode.microsoft-authentication","_lower":"vscode.microsoft-authentication"},"activationEvent":"onAuthenticationRequest:microsoft"}
[2021-06-17 17:22:36.408] [exthost] [info] ExtensionService#loadCommonJSModule file:///usr/share/code-insiders/resources/app/extensions/microsoft-authentication/dist/extension.js
[2021-06-17 17:22:36.416] [exthost] [info] ExtensionService#_doActivateExtension ms-python.python {"startup":false,"extensionId":{"value":"ms-python.vscode-pylance","_lower":"ms-python.vscode-pylance"},"activationEvent":"onLanguage:python"}
[2021-06-17 17:22:36.416] [exthost] [info] ExtensionService#loadCommonJSModule file:///home/user/.vscode-insiders/extensions/ms-python.python-2021.7.922878407-dev/out/client/extension
[2021-06-17 17:22:36.535] [exthost] [info] ExtensionService#_doActivateExtension ms-toolsai.jupyter {"startup":false,"extensionId":{"value":"ms-toolsai.jupyter","_lower":"ms-toolsai.jupyter"},"activationEvent":"onLanguage:python"}
[2021-06-17 17:22:36.535] [exthost] [info] ExtensionService#loadCommonJSModule file:///home/user/.vscode-insiders/extensions/ms-toolsai.jupyter-2021.7.945818462/out/client/extension
[2021-06-17 17:22:36.780] [exthost] [info] ExtensionService#_doActivateExtension vscode.debug-auto-launch {"startup":true,"extensionId":{"value":"vscode.debug-auto-launch","_lower":"vscode.debug-auto-launch"},"activationEvent":"*"}
[2021-06-17 17:22:36.780] [exthost] [info] ExtensionService#loadCommonJSModule file:///usr/share/code-insiders/resources/app/extensions/debug-auto-launch/dist/extension
[2021-06-17 17:22:36.782] [exthost] [info] ExtensionService#_doActivateExtension vscode.git {"startup":true,"extensionId":{"value":"vscode.github","_lower":"vscode.github"},"activationEvent":"*"}
[2021-06-17 17:22:36.782] [exthost] [info] ExtensionService#loadCommonJSModule file:///usr/share/code-insiders/resources/app/extensions/git/dist/main
[2021-06-17 17:22:36.802] [exthost] [info] ExtensionService#_doActivateExtension EditorConfig.EditorConfig {"startup":true,"extensionId":{"value":"EditorConfig.EditorConfig","_lower":"editorconfig.editorconfig"},"activationEvent":"*"}
[2021-06-17 17:22:36.802] [exthost] [info] ExtensionService#loadCommonJSModule file:///home/user/.vscode-insiders/extensions/editorconfig.editorconfig-0.16.4/out/editorConfigMain.js
[2021-06-17 17:22:37.036] [exthost] [info] ExtensionService#_doActivateExtension vscode.github {"startup":true,"extensionId":{"value":"vscode.github","_lower":"vscode.github"},"activationEvent":"*"}
[2021-06-17 17:22:37.036] [exthost] [info] ExtensionService#loadCommonJSModule file:///usr/share/code-insiders/resources/app/extensions/github/dist/extension.js
[2021-06-17 17:22:37.100] [exthost] [info] ExtensionService#_doActivateExtension ms-vscode.js-debug {"startup":false,"extensionId":{"value":"ms-vscode.js-debug","_lower":"ms-vscode.js-debug"},"activationEvent":"onCommand:extension.js-debug.clearAutoAttachVariables"}
[2021-06-17 17:22:37.100] [exthost] [info] ExtensionService#loadCommonJSModule file:///usr/share/code-insiders/resources/app/extensions/ms-vscode.js-debug/src/extension.js
[2021-06-17 17:22:37.202] [exthost] [info] eager extensions activated
[2021-06-17 17:22:37.219] [exthost] [info] ExtensionService#_doActivateExtension vscode.github-authentication {"startup":false,"extensionId":{"value":"vscode.github-authentication","_lower":"vscode.github-authentication"},"activationEvent":"onAuthenticationRequest:github"}
[2021-06-17 17:22:37.219] [exthost] [info] ExtensionService#loadCommonJSModule file:///usr/share/code-insiders/resources/app/extensions/github-authentication/dist/extension.js
[2021-06-17 17:22:37.228] [exthost] [info] ExtensionService#_doActivateExtension vscode.emmet {"startup":false,"extensionId":{"value":"vscode.emmet","_lower":"vscode.emmet"},"activationEvent":"onStartupFinished"}
[2021-06-17 17:22:37.228] [exthost] [info] ExtensionService#loadCommonJSModule file:///usr/share/code-insiders/resources/app/extensions/emmet/dist/node/emmetNodeMain
[2021-06-17 17:22:37.234] [exthost] [info] ExtensionService#_doActivateExtension vscode.merge-conflict {"startup":false,"extensionId":{"value":"vscode.merge-conflict","_lower":"vscode.merge-conflict"},"activationEvent":"onStartupFinished"}
[2021-06-17 17:22:37.234] [exthost] [info] ExtensionService#loadCommonJSModule file:///usr/share/code-insiders/resources/app/extensions/merge-conflict/dist/mergeConflictMain
[2021-06-17 17:22:37.236] [exthost] [info] ExtensionService#_doActivateExtension vscode.testing-editor-contributions {"startup":false,"extensionId":{"value":"vscode.testing-editor-contributions","_lower":"vscode.testing-editor-contributions"},"activationEvent":"onStartupFinished"}
[2021-06-17 17:22:37.236] [exthost] [info] ExtensionService#loadCommonJSModule file:///usr/share/code-insiders/resources/app/extensions/testing-editor-contributions/dist/extension.js
[2021-06-17 17:22:37.697] [exthost] [info] ExtensionService#_doActivateExtension ms-python.vscode-pylance {"startup":false,"extensionId":{"value":"ms-python.vscode-pylance","_lower":"ms-python.vscode-pylance"},"activationEvent":"onLanguage:python"}
[2021-06-17 17:22:37.697] [exthost] [info] ExtensionService#loadCommonJSModule file:///home/user/.vscode-insiders/extensions/ms-python.vscode-pylance-2021.6.3-pre.1/dist/extension.bundle.js
[2021-06-17 17:22:42.018] [exthost] [warning] [Decorations] CAPPING events from decorations provider vscode.git 5000
[2021-06-17 17:22:44.709] [exthost] [info] ExtensionService#_doActivateExtension vscode.debug-server-ready {"startup":false,"extensionId":{"value":"vscode.debug-server-ready","_lower":"vscode.debug-server-ready"},"activationEvent":"onDebugResolve"}
[2021-06-17 17:22:44.709] [exthost] [info] ExtensionService#loadCommonJSModule file:///usr/share/code-insiders/resources/app/extensions/debug-server-ready/dist/extension
[2021-06-17 19:00:25.227] [exthost] [info] extension host terminating: renderer closed the socket
[2021-06-17 19:00:26.254] [exthost] [info] exiting with code 0
