Looking for git in: git
Using git 2.17.1 from git
> git rev-parse --git-dir
Open repository: /home/user
> git status -z -u
> git check-ignore -v -z --stdin
> git check-ignore -v -z --stdin
> git log --format=%H%n%aN%n%aE%n%at%n%ct%n%P%n%B -z -n21 -- /home/user/cm-crawl/emailread.py
fatal: your current branch 'master' does not have any commits yet
> git log --format=%H%n%aN%n%aE%n%at%n%ct%n%P%n%B -z -n21 -- /home/user/cm-crawl/emailread.py
fatal: your current branch 'master' does not have any commits yet
> git log --format=%H%n%aN%n%aE%n%at%n%ct%n%P%n%B -z -n21 -- /home/user/cm-crawl/emailread.py
fatal: your current branch 'master' does not have any commits yet
> git log --format=%H%n%aN%n%aE%n%at%n%ct%n%P%n%B -z -n21 -- /home/user/cm-crawl/emailread.py
fatal: your current branch 'master' does not have any commits yet
Opening repository for path='/home/user' failed; ex=Canceled: Canceled
Open repository: /home/user/cm-crawl
Warning: Failed to watch ref '/home/user/cm-crawl/.git/refs/remotes/origin/master', is most likely packed.
Opening repository for path='/home/user/.ICEauthority' failed; ex=Error: spawn ENOTDIR
Opening repository for path='/home/user/.bash_history' failed; ex=Error: spawn ENOTDIR
Opening repository for path='/home/user/.bash_logout' failed; ex=Error: spawn ENOTDIR
Opening repository for path='/home/user/.bashrc' failed; ex=Error: spawn ENOTDIR
Open repository: /home/user
Opening repository for path='/home/user/.cache' failed; ex=Canceled: Canceled
