[2021-06-16 11:22:50.209] [exthost] [info] extension host started
[2021-06-16 11:22:50.258] [exthost] [info] ExtensionService#_doActivateExtension vscode.microsoft-authentication {"startup":false,"extensionId":{"value":"vscode.microsoft-authentication","_lower":"vscode.microsoft-authentication"},"activationEvent":"onAuthenticationRequest:microsoft"}
[2021-06-16 11:22:50.258] [exthost] [info] ExtensionService#loadCommonJSModule file:///snap/code/66/usr/share/code/resources/app/extensions/microsoft-authentication/dist/extension.js
[2021-06-16 11:22:50.268] [exthost] [info] ExtensionService#_doActivateExtension vscode.debug-auto-launch {"startup":true,"extensionId":{"value":"vscode.debug-auto-launch","_lower":"vscode.debug-auto-launch"},"activationEvent":"*"}
[2021-06-16 11:22:50.268] [exthost] [info] ExtensionService#loadCommonJSModule file:///snap/code/66/usr/share/code/resources/app/extensions/debug-auto-launch/dist/extension
[2021-06-16 11:22:50.270] [exthost] [info] ExtensionService#_doActivateExtension vscode.git {"startup":true,"extensionId":{"value":"vscode.github","_lower":"vscode.github"},"activationEvent":"*"}
[2021-06-16 11:22:50.270] [exthost] [info] ExtensionService#loadCommonJSModule file:///snap/code/66/usr/share/code/resources/app/extensions/git/dist/main
[2021-06-16 11:22:50.362] [exthost] [info] ExtensionService#_doActivateExtension vscode.github {"startup":true,"extensionId":{"value":"vscode.github","_lower":"vscode.github"},"activationEvent":"*"}
[2021-06-16 11:22:50.363] [exthost] [info] ExtensionService#loadCommonJSModule file:///snap/code/66/usr/share/code/resources/app/extensions/github/dist/extension.js
[2021-06-16 11:22:50.387] [exthost] [info] eager extensions activated
[2021-06-16 11:22:50.389] [exthost] [info] ExtensionService#_doActivateExtension ms-vscode.js-debug {"startup":false,"extensionId":{"value":"ms-vscode.js-debug","_lower":"ms-vscode.js-debug"},"activationEvent":"onCommand:extension.js-debug.clearAutoAttachVariables"}
[2021-06-16 11:22:50.389] [exthost] [info] ExtensionService#loadCommonJSModule file:///snap/code/66/usr/share/code/resources/app/extensions/ms-vscode.js-debug/src/extension.js
[2021-06-16 11:22:50.484] [exthost] [info] ExtensionService#_doActivateExtension vscode.emmet {"startup":false,"extensionId":{"value":"vscode.emmet","_lower":"vscode.emmet"},"activationEvent":"onStartupFinished"}
[2021-06-16 11:22:50.484] [exthost] [info] ExtensionService#loadCommonJSModule file:///snap/code/66/usr/share/code/resources/app/extensions/emmet/dist/node/emmetNodeMain
[2021-06-16 11:22:50.489] [exthost] [info] ExtensionService#_doActivateExtension vscode.merge-conflict {"startup":false,"extensionId":{"value":"vscode.merge-conflict","_lower":"vscode.merge-conflict"},"activationEvent":"onStartupFinished"}
[2021-06-16 11:22:50.489] [exthost] [info] ExtensionService#loadCommonJSModule file:///snap/code/66/usr/share/code/resources/app/extensions/merge-conflict/dist/mergeConflictMain
[2021-06-16 11:22:50.491] [exthost] [info] ExtensionService#_doActivateExtension vscode.testing-editor-contributions {"startup":false,"extensionId":{"value":"vscode.testing-editor-contributions","_lower":"vscode.testing-editor-contributions"},"activationEvent":"onStartupFinished"}
[2021-06-16 11:22:50.491] [exthost] [info] ExtensionService#loadCommonJSModule file:///snap/code/66/usr/share/code/resources/app/extensions/testing-editor-contributions/dist/extension.js
[2021-06-16 11:22:50.519] [exthost] [info] ExtensionService#_doActivateExtension vscode.github-authentication {"startup":false,"extensionId":{"value":"vscode.github-authentication","_lower":"vscode.github-authentication"},"activationEvent":"onAuthenticationRequest:github"}
[2021-06-16 11:22:50.519] [exthost] [info] ExtensionService#loadCommonJSModule file:///snap/code/66/usr/share/code/resources/app/extensions/github-authentication/dist/extension.js
[2021-06-16 11:37:37.674] [exthost] [info] ExtensionService#_doActivateExtension vscode.debug-server-ready {"startup":false,"extensionId":{"value":"vscode.debug-server-ready","_lower":"vscode.debug-server-ready"},"activationEvent":"onDebugResolve"}
[2021-06-16 11:37:37.674] [exthost] [info] ExtensionService#loadCommonJSModule file:///snap/code/66/usr/share/code/resources/app/extensions/debug-server-ready/dist/extension
[2021-06-16 11:38:05.268] [exthost] [info] extension host terminating: renderer closed the socket
[2021-06-16 11:38:06.283] [exthost] [info] exiting with code 0
