[2021-06-17 19:46:35.857] [exthost] [info] extension host started
[2021-06-17 19:46:35.981] [exthost] [info] ExtensionService#_doActivateExtension vscode.microsoft-authentication {"startup":false,"extensionId":{"value":"vscode.microsoft-authentication","_lower":"vscode.microsoft-authentication"},"activationEvent":"onAuthenticationRequest:microsoft"}
[2021-06-17 19:46:35.981] [exthost] [info] ExtensionService#loadCommonJSModule file:///usr/share/code-insiders/resources/app/extensions/microsoft-authentication/dist/extension.js
[2021-06-17 19:46:35.993] [exthost] [info] ExtensionService#_doActivateExtension ms-python.python {"startup":false,"extensionId":{"value":"ms-python.vscode-pylance","_lower":"ms-python.vscode-pylance"},"activationEvent":"onLanguage:python"}
[2021-06-17 19:46:35.993] [exthost] [info] ExtensionService#loadCommonJSModule file:///home/user/.vscode-insiders/extensions/ms-python.python-2021.7.922878407-dev/out/client/extension
[2021-06-17 19:46:36.124] [exthost] [info] ExtensionService#_doActivateExtension ms-toolsai.jupyter {"startup":false,"extensionId":{"value":"ms-toolsai.jupyter","_lower":"ms-toolsai.jupyter"},"activationEvent":"onLanguage:python"}
[2021-06-17 19:46:36.124] [exthost] [info] ExtensionService#loadCommonJSModule file:///home/user/.vscode-insiders/extensions/ms-toolsai.jupyter-2021.7.945818462/out/client/extension
[2021-06-17 19:46:36.347] [exthost] [info] ExtensionService#_doActivateExtension vscode.debug-auto-launch {"startup":true,"extensionId":{"value":"vscode.debug-auto-launch","_lower":"vscode.debug-auto-launch"},"activationEvent":"*"}
[2021-06-17 19:46:36.347] [exthost] [info] ExtensionService#loadCommonJSModule file:///usr/share/code-insiders/resources/app/extensions/debug-auto-launch/dist/extension
[2021-06-17 19:46:36.350] [exthost] [info] ExtensionService#_doActivateExtension vscode.git {"startup":true,"extensionId":{"value":"vscode.github","_lower":"vscode.github"},"activationEvent":"*"}
[2021-06-17 19:46:36.350] [exthost] [info] ExtensionService#loadCommonJSModule file:///usr/share/code-insiders/resources/app/extensions/git/dist/main
[2021-06-17 19:46:36.379] [exthost] [info] ExtensionService#_doActivateExtension EditorConfig.EditorConfig {"startup":true,"extensionId":{"value":"EditorConfig.EditorConfig","_lower":"editorconfig.editorconfig"},"activationEvent":"*"}
[2021-06-17 19:46:36.379] [exthost] [info] ExtensionService#loadCommonJSModule file:///home/user/.vscode-insiders/extensions/editorconfig.editorconfig-0.16.4/out/editorConfigMain.js
[2021-06-17 19:46:36.706] [exthost] [info] ExtensionService#_doActivateExtension vscode.github {"startup":true,"extensionId":{"value":"vscode.github","_lower":"vscode.github"},"activationEvent":"*"}
[2021-06-17 19:46:36.706] [exthost] [info] ExtensionService#loadCommonJSModule file:///usr/share/code-insiders/resources/app/extensions/github/dist/extension.js
[2021-06-17 19:46:37.106] [exthost] [info] eager extensions activated
[2021-06-17 19:46:37.170] [exthost] [info] ExtensionService#_doActivateExtension ms-vscode.js-debug {"startup":false,"extensionId":{"value":"ms-vscode.js-debug","_lower":"ms-vscode.js-debug"},"activationEvent":"onCommand:extension.js-debug.clearAutoAttachVariables"}
[2021-06-17 19:46:37.170] [exthost] [info] ExtensionService#loadCommonJSModule file:///usr/share/code-insiders/resources/app/extensions/ms-vscode.js-debug/src/extension.js
[2021-06-17 19:46:37.319] [exthost] [info] ExtensionService#_doActivateExtension vscode.emmet {"startup":false,"extensionId":{"value":"vscode.emmet","_lower":"vscode.emmet"},"activationEvent":"onStartupFinished"}
[2021-06-17 19:46:37.319] [exthost] [info] ExtensionService#loadCommonJSModule file:///usr/share/code-insiders/resources/app/extensions/emmet/dist/node/emmetNodeMain
[2021-06-17 19:46:37.326] [exthost] [info] ExtensionService#_doActivateExtension vscode.merge-conflict {"startup":false,"extensionId":{"value":"vscode.merge-conflict","_lower":"vscode.merge-conflict"},"activationEvent":"onStartupFinished"}
[2021-06-17 19:46:37.326] [exthost] [info] ExtensionService#loadCommonJSModule file:///usr/share/code-insiders/resources/app/extensions/merge-conflict/dist/mergeConflictMain
[2021-06-17 19:46:37.332] [exthost] [info] ExtensionService#_doActivateExtension vscode.testing-editor-contributions {"startup":false,"extensionId":{"value":"vscode.testing-editor-contributions","_lower":"vscode.testing-editor-contributions"},"activationEvent":"onStartupFinished"}
[2021-06-17 19:46:37.333] [exthost] [info] ExtensionService#loadCommonJSModule file:///usr/share/code-insiders/resources/app/extensions/testing-editor-contributions/dist/extension.js
[2021-06-17 19:46:37.430] [exthost] [info] ExtensionService#_doActivateExtension vscode.github-authentication {"startup":false,"extensionId":{"value":"vscode.github-authentication","_lower":"vscode.github-authentication"},"activationEvent":"onAuthenticationRequest:github"}
[2021-06-17 19:46:37.430] [exthost] [info] ExtensionService#loadCommonJSModule file:///usr/share/code-insiders/resources/app/extensions/github-authentication/dist/extension.js
[2021-06-17 19:46:38.649] [exthost] [info] ExtensionService#_doActivateExtension ms-python.vscode-pylance {"startup":false,"extensionId":{"value":"ms-python.vscode-pylance","_lower":"ms-python.vscode-pylance"},"activationEvent":"onLanguage:python"}
[2021-06-17 19:46:38.649] [exthost] [info] ExtensionService#loadCommonJSModule file:///home/user/.vscode-insiders/extensions/ms-python.vscode-pylance-2021.6.3-pre.1/dist/extension.bundle.js
[2021-06-17 19:46:40.364] [exthost] [info] ExtensionService#_doActivateExtension vscode.configuration-editing {"startup":false,"extensionId":{"value":"vscode.configuration-editing","_lower":"vscode.configuration-editing"},"activationEvent":"onLanguage:jsonc"}
[2021-06-17 19:46:40.364] [exthost] [info] ExtensionService#loadCommonJSModule file:///usr/share/code-insiders/resources/app/extensions/configuration-editing/dist/configurationEditingMain
[2021-06-17 19:46:40.366] [exthost] [info] ExtensionService#_doActivateExtension vscode.json-language-features {"startup":false,"extensionId":{"value":"vscode.json-language-features","_lower":"vscode.json-language-features"},"activationEvent":"onLanguage:jsonc"}
[2021-06-17 19:46:40.366] [exthost] [info] ExtensionService#loadCommonJSModule file:///usr/share/code-insiders/resources/app/extensions/json-language-features/client/dist/node/jsonClientMain
[2021-06-17 19:46:40.394] [exthost] [info] ExtensionService#_doActivateExtension vscode.typescript-language-features {"startup":false,"extensionId":{"value":"vscode.typescript-language-features","_lower":"vscode.typescript-language-features"},"activationEvent":"onLanguage:jsonc"}
[2021-06-17 19:46:40.394] [exthost] [info] ExtensionService#loadCommonJSModule file:///usr/share/code-insiders/resources/app/extensions/typescript-language-features/dist/extension
[2021-06-17 19:46:41.030] [exthost] [error] [ms-python.python] provider FAILED
[2021-06-17 19:46:41.030] [exthost] [error] Canceled: Canceled
	at E.makeCancelError (/home/user/.vscode-insiders/extensions/ms-python.python-2021.7.922878407-dev/out/client/extension.js:9:184821)
	at E.handleFailedRequest (/home/user/.vscode-insiders/extensions/ms-python.python-2021.7.922878407-dev/out/client/extension.js:9:184672)
	at /home/user/.vscode-insiders/extensions/ms-python.python-2021.7.922878407-dev/out/client/extension.js:9:149660
[2021-06-17 19:46:41.210] [exthost] [warning] [Decorations] CAPPING events from decorations provider vscode.git 5000
[2021-06-17 19:46:48.320] [exthost] [info] ExtensionService#_doActivateExtension vscode.extension-editing {"startup":false,"extensionId":{"value":"vscode.extension-editing","_lower":"vscode.extension-editing"},"activationEvent":"onLanguage:markdown"}
[2021-06-17 19:46:48.320] [exthost] [info] ExtensionService#loadCommonJSModule file:///usr/share/code-insiders/resources/app/extensions/extension-editing/dist/extensionEditingMain
[2021-06-17 19:46:48.326] [exthost] [info] ExtensionService#_doActivateExtension vscode.markdown-language-features {"startup":false,"extensionId":{"value":"vscode.markdown-language-features","_lower":"vscode.markdown-language-features"},"activationEvent":"onLanguage:markdown"}
[2021-06-17 19:46:48.326] [exthost] [info] ExtensionService#loadCommonJSModule file:///usr/share/code-insiders/resources/app/extensions/markdown-language-features/dist/extension
[2021-06-17 19:46:48.610] [exthost] [info] ExtensionService#_doActivateExtension vscode.markdown-math {"startup":false,"extensionId":{"value":"vscode.markdown-language-features","_lower":"vscode.markdown-language-features"},"activationEvent":"api"}
[2021-06-17 19:46:48.610] [exthost] [info] ExtensionService#loadCommonJSModule file:///usr/share/code-insiders/resources/app/extensions/markdown-math/dist/extension
[2021-06-17 19:55:24.391] [exthost] [error] [ms-python.python] provider FAILED
[2021-06-17 19:55:24.391] [exthost] [error] Canceled: Canceled
	at E.makeCancelError (/home/user/.vscode-insiders/extensions/ms-python.python-2021.7.922878407-dev/out/client/extension.js:9:184821)
	at E.handleFailedRequest (/home/user/.vscode-insiders/extensions/ms-python.python-2021.7.922878407-dev/out/client/extension.js:9:184672)
	at /home/user/.vscode-insiders/extensions/ms-python.python-2021.7.922878407-dev/out/client/extension.js:9:145014
[2021-06-17 19:56:21.973] [exthost] [error] [ms-python.python] provider FAILED
[2021-06-17 19:56:21.974] [exthost] [error] Canceled: Canceled
	at E.makeCancelError (/home/user/.vscode-insiders/extensions/ms-python.python-2021.7.922878407-dev/out/client/extension.js:9:184821)
	at E.handleFailedRequest (/home/user/.vscode-insiders/extensions/ms-python.python-2021.7.922878407-dev/out/client/extension.js:9:184672)
	at /home/user/.vscode-insiders/extensions/ms-python.python-2021.7.922878407-dev/out/client/extension.js:9:145014
